#
# There is insufficient memory for the Java Runtime Environment to continue.
# Native memory allocation (malloc) failed to allocate 1048576 bytes for AllocateHeap
# Possible reasons:
#   The system is out of physical RAM or swap space
#   The process is running with CompressedOops enabled, and the Java Heap may be blocking the growth of the native heap
# Possible solutions:
#   Reduce memory load on the system
#   Increase physical memory or swap space
#   Check if swap backing store is full
#   Decrease Java heap size (-Xmx/-Xms)
#   Decrease number of Java threads
#   Decrease Java thread stack sizes (-Xss)
#   Set larger code cache with -XX:ReservedCodeCacheSize=
#   JVM is running with Unscaled Compressed Oops mode in which the Java heap is
#     placed in the first 4GB address space. The Java Heap base address is the
#     maximum limit for the native heap growth. Please use -XX:HeapBaseMinAddress
#     to set the Java Heap base and to place the Java Heap above 4GB virtual address.
# This output file may be truncated or incomplete.
#
#  Out of Memory Error (./open/src/hotspot/share/memory/allocation.cpp:46), pid=8852, tid=14488
#
# JRE version: Java(TM) SE Runtime Environment 18.9 (11.0.17+10) (build 11.0.17+10-LTS-269)
# Java VM: Java HotSpot(TM) 64-Bit Server VM 18.9 (11.0.17+10-LTS-269, mixed mode, tiered, compressed oops, g1 gc, windows-amd64)
# No core dump will be written. Minidumps are not enabled by default on client versions of Windows
#

---------------  S U M M A R Y ------------

Command Line: -agentlib:jdwp=transport=dt_socket,address=127.0.0.1:61593,suspend=y,server=n -javaagent:C:\Users\Daria\AppData\Local\JetBrains\IdeaIC2022.2\captureAgent\debugger-agent.jar -Dfile.encoding=UTF-8 ru.project.congratulatory.CongratulatoryApplication

Host: AMD Ryzen 5 4500U with Radeon Graphics         , 6 cores, 7G,  Windows 10 , 64 bit Build 19041 (10.0.19041.3636)
Time: Sun Mar 24 14:10:07 2024  Windows 10 , 64 bit Build 19041 (10.0.19041.3636) elapsed time: 3.357671 seconds (0d 0h 0m 3s)

---------------  T H R E A D  ---------------

Current thread (0x000001507bce9800):  VMThread "VM Thread" [stack: 0x0000000eda000000,0x0000000eda100000] [id=14488]

Stack: [0x0000000eda000000,0x0000000eda100000]
[error occurred during error reporting (printing stack bounds), id 0xc0000005, EXCEPTION_ACCESS_VIOLATION (0xc0000005) at pc=0x0000015065d30f2d]

Native frames: (J=compiled Java code, j=interpreted, Vv=VM code, C=native code)
V  [jvm.dll+0x62b5da]
V  [jvm.dll+0x7653df]
V  [jvm.dll+0x766a89]
V  [jvm.dll+0x767075]
V  [jvm.dll+0x76702b]
V  [jvm.dll+0x62aac3]
V  [jvm.dll+0x62b1d8]
C  [ntdll.dll+0xa23af]
C  [ntdll.dll+0x514b4]
C  [ntdll.dll+0xa0ebe]
C  0x0000015065d30f2d

VM_Operation (0x0000000ed9afb130): CollectForMetadataAllocation, mode: safepoint, requested by thread 0x000001505e66e800


---------------  P R O C E S S  ---------------

Threads class SMR info:
_java_thread_list=0x000001507deba980, length=15, elements={
0x000001505e66e800, 0x000001507bd0b800, 0x000001507bd15000, 0x000001507c679000,
0x000001507c67b000, 0x000001507c67c800, 0x000001507c682800, 0x000001507c684000,
0x000001507c695000, 0x000001507c7fe000, 0x000001507c97b000, 0x000001507c977000,
0x000001507cb56800, 0x0000015000582800, 0x0000015001281000
}

Java Threads: ( => current thread )
  0x000001505e66e800 JavaThread "main" [_thread_blocked, id=21552, stack(0x0000000ed9a00000,0x0000000ed9b00000)]
  0x000001507bd0b800 JavaThread "Reference Handler" daemon [_thread_blocked, id=12140, stack(0x0000000eda100000,0x0000000eda200000)]
  0x000001507bd15000 JavaThread "Finalizer" daemon [_thread_blocked, id=20644, stack(0x0000000eda200000,0x0000000eda300000)]
  0x000001507c679000 JavaThread "Signal Dispatcher" daemon [_thread_blocked, id=14960, stack(0x0000000eda300000,0x0000000eda400000)]
  0x000001507c67b000 JavaThread "Attach Listener" daemon [_thread_blocked, id=13852, stack(0x0000000eda400000,0x0000000eda500000)]
  0x000001507c67c800 JavaThread "Service Thread" daemon [_thread_blocked, id=2300, stack(0x0000000eda500000,0x0000000eda600000)]
  0x000001507c682800 JavaThread "C2 CompilerThread0" daemon [_thread_blocked, id=25312, stack(0x0000000eda600000,0x0000000eda700000)]
  0x000001507c684000 JavaThread "C1 CompilerThread0" daemon [_thread_blocked, id=9364, stack(0x0000000eda700000,0x0000000eda800000)]
  0x000001507c695000 JavaThread "Sweeper thread" daemon [_thread_blocked, id=4300, stack(0x0000000eda800000,0x0000000eda900000)]
  0x000001507c7fe000 JavaThread "Common-Cleaner" daemon [_thread_blocked, id=13676, stack(0x0000000eda900000,0x0000000edaa00000)]
  0x000001507c97b000 JavaThread "JDWP Transport Listener: dt_socket" daemon [_thread_blocked, id=18376, stack(0x0000000edab00000,0x0000000edac00000)]
  0x000001507c977000 JavaThread "JDWP Event Helper Thread" daemon [_thread_blocked, id=14456, stack(0x0000000edac00000,0x0000000edad00000)]
  0x000001507cb56800 JavaThread "JDWP Command Reader" daemon [_thread_in_native, id=12380, stack(0x0000000edad00000,0x0000000edae00000)]
  0x0000015000582800 JavaThread "mysql-cj-abandoned-connection-cleanup" daemon [_thread_blocked, id=3388, stack(0x0000000edb300000,0x0000000edb400000)]
  0x0000015001281000 JavaThread "C2 CompilerThread1" daemon [_thread_blocked, id=5304, stack(0x0000000edaa00000,0x0000000edab00000)]

Other Threads:
=>0x000001507bce9800 VMThread "VM Thread" [stack: 0x0000000eda000000,0x0000000eda100000] [id=14488]
  0x000001507c9f7000 WatcherThread [stack: 0x0000000edae00000,0x0000000edaf00000] [id=23408]
  0x000001505e683000 GCTaskThread "GC Thread#0" [stack: 0x0000000ed9b00000,0x0000000ed9c00000] [id=26484]
  0x000001507daa6800 GCTaskThread "GC Thread#1" [stack: 0x0000000edaf00000,0x0000000edb000000] [id=25448]
  0x000001507da70000 GCTaskThread "GC Thread#2" [stack: 0x0000000edb100000,0x0000000edb200000] [id=7792]
  0x000001507da70800 GCTaskThread "GC Thread#3" [stack: 0x0000000edb200000,0x0000000edb300000] [id=20880]
  0x000001505e6b1000 ConcurrentGCThread "G1 Main Marker" [stack: 0x0000000ed9c00000,0x0000000ed9d00000] [id=23840]
  0x000001505e6b2800 ConcurrentGCThread "G1 Conc#0" [stack: 0x0000000ed9d00000,0x0000000ed9e00000] [id=17800]
  0x000001507d850800 ConcurrentGCThread "G1 Conc#1" [stack: 0x0000000edb000000,0x0000000edb100000] [id=4372]
  0x000001505e73e800 ConcurrentGCThread "G1 Refine#0" [stack: 0x0000000ed9e00000,0x0000000ed9f00000] [id=3036]
  0x000001507bb4f800 ConcurrentGCThread "G1 Young RemSet Sampling" [stack: 0x0000000ed9f00000,0x0000000eda000000] [id=13296]

Threads with active compile tasks:

VM state:at safepoint (normal execution)

VM Mutex/Monitor currently owned by a thread:  ([mutex/lock_event])
[0x000001505e66a860] Threads_lock - owner thread: 0x000001507bce9800
[0x000001505e66b4c0] Heap_lock - owner thread: 0x000001505e66e800

Heap address: 0x0000000089800000, size: 1896 MB, Compressed Oops mode: 32-bit
Narrow klass base: 0x0000000000000000, Narrow klass shift: 3
Compressed class space size: 1073741824 Address: 0x0000000100000000

Heap:
 garbage-first heap   total 147456K, used 15198K [0x0000000089800000, 0x0000000100000000)
  region size 1024K, 6 young (6144K), 6 survivors (6144K)
 Metaspace       used 36642K, capacity 37599K, committed 37760K, reserved 1089536K
  class space    used 4471K, capacity 4866K, committed 4992K, reserved 1048576K
Heap Regions: E=young(eden), S=young(survivor), O=old, HS=humongous(starts), HC=humongous(continues), CS=collection set, F=free, A=archive, TAMS=top-at-mark-start (previous, next)
|   0|0x0000000089800000, 0x0000000089900000, 0x0000000089900000|100%|HS|  |TAMS 0x0000000089900000, 0x0000000089900000| Complete 
|   1|0x0000000089900000, 0x0000000089a00000, 0x0000000089a00000|100%| O|  |TAMS 0x0000000089a00000, 0x0000000089a00000| Untracked 
|   2|0x0000000089a00000, 0x0000000089b00000, 0x0000000089b00000|100%| O|  |TAMS 0x0000000089b00000, 0x0000000089b00000| Untracked 
|   3|0x0000000089b00000, 0x0000000089c00000, 0x0000000089c00000|100%| O|  |TAMS 0x0000000089c00000, 0x0000000089c00000| Untracked 
|   4|0x0000000089c00000, 0x0000000089d00000, 0x0000000089d00000|100%| O|  |TAMS 0x0000000089d00000, 0x0000000089d00000| Untracked 
|   5|0x0000000089d00000, 0x0000000089e00000, 0x0000000089e00000|100%| O|  |TAMS 0x0000000089e00000, 0x0000000089e00000| Untracked 
|   6|0x0000000089e00000, 0x0000000089f00000, 0x0000000089f00000|100%| O|  |TAMS 0x0000000089f00000, 0x0000000089f00000| Untracked 
|   7|0x0000000089f00000, 0x000000008a000000, 0x000000008a000000|100%| O|  |TAMS 0x0000000089f8e400, 0x000000008a000000| Untracked 
|   8|0x000000008a000000, 0x000000008a0d7a00, 0x000000008a100000| 84%| O|  |TAMS 0x000000008a000000, 0x000000008a0d7a00| Untracked 
|   9|0x000000008a100000, 0x000000008a100000, 0x000000008a200000|  0%| F|  |TAMS 0x000000008a100000, 0x000000008a100000| Untracked 
|  10|0x000000008a200000, 0x000000008a200000, 0x000000008a300000|  0%| F|  |TAMS 0x000000008a200000, 0x000000008a200000| Untracked 
|  11|0x000000008a300000, 0x000000008a300000, 0x000000008a400000|  0%| F|  |TAMS 0x000000008a300000, 0x000000008a300000| Untracked 
|  12|0x000000008a400000, 0x000000008a400000, 0x000000008a500000|  0%| F|  |TAMS 0x000000008a400000, 0x000000008a400000| Untracked 
|  13|0x000000008a500000, 0x000000008a500000, 0x000000008a600000|  0%| F|  |TAMS 0x000000008a500000, 0x000000008a500000| Untracked 
|  14|0x000000008a600000, 0x000000008a600000, 0x000000008a700000|  0%| F|  |TAMS 0x000000008a600000, 0x000000008a600000| Untracked 
|  15|0x000000008a700000, 0x000000008a700000, 0x000000008a800000|  0%| F|  |TAMS 0x000000008a700000, 0x000000008a700000| Untracked 
|  16|0x000000008a800000, 0x000000008a800000, 0x000000008a900000|  0%| F|  |TAMS 0x000000008a800000, 0x000000008a800000| Untracked 
|  17|0x000000008a900000, 0x000000008a900000, 0x000000008aa00000|  0%| F|  |TAMS 0x000000008a900000, 0x000000008a900000| Untracked 
|  18|0x000000008aa00000, 0x000000008aa00000, 0x000000008ab00000|  0%| F|  |TAMS 0x000000008aa00000, 0x000000008aa00000| Untracked 
|  19|0x000000008ab00000, 0x000000008ab00000, 0x000000008ac00000|  0%| F|  |TAMS 0x000000008ab00000, 0x000000008ab00000| Untracked 
|  20|0x000000008ac00000, 0x000000008ac00000, 0x000000008ad00000|  0%| F|  |TAMS 0x000000008ac00000, 0x000000008ac00000| Untracked 
|  21|0x000000008ad00000, 0x000000008ad00000, 0x000000008ae00000|  0%| F|  |TAMS 0x000000008ad00000, 0x000000008ad00000| Untracked 
|  22|0x000000008ae00000, 0x000000008ae00000, 0x000000008af00000|  0%| F|  |TAMS 0x000000008ae00000, 0x000000008ae00000| Untracked 
|  23|0x000000008af00000, 0x000000008af00000, 0x000000008b000000|  0%| F|  |TAMS 0x000000008af00000, 0x000000008af00000| Untracked 
|  24|0x000000008b000000, 0x000000008b000000, 0x000000008b100000|  0%| F|  |TAMS 0x000000008b000000, 0x000000008b000000| Untracked 
|  25|0x000000008b100000, 0x000000008b100000, 0x000000008b200000|  0%| F|  |TAMS 0x000000008b100000, 0x000000008b100000| Untracked 
|  26|0x000000008b200000, 0x000000008b200000, 0x000000008b300000|  0%| F|  |TAMS 0x000000008b200000, 0x000000008b200000| Untracked 
|  27|0x000000008b300000, 0x000000008b300000, 0x000000008b400000|  0%| F|  |TAMS 0x000000008b300000, 0x000000008b300000| Untracked 
|  28|0x000000008b400000, 0x000000008b400000, 0x000000008b500000|  0%| F|  |TAMS 0x000000008b400000, 0x000000008b400000| Untracked 
|  29|0x000000008b500000, 0x000000008b500000, 0x000000008b600000|  0%| F|  |TAMS 0x000000008b500000, 0x000000008b500000| Untracked 
|  30|0x000000008b600000, 0x000000008b600000, 0x000000008b700000|  0%| F|  |TAMS 0x000000008b600000, 0x000000008b600000| Untracked 
|  31|0x000000008b700000, 0x000000008b700000, 0x000000008b800000|  0%| F|  |TAMS 0x000000008b700000, 0x000000008b700000| Untracked 
|  32|0x000000008b800000, 0x000000008b800000, 0x000000008b900000|  0%| F|  |TAMS 0x000000008b800000, 0x000000008b800000| Untracked 
|  33|0x000000008b900000, 0x000000008b900000, 0x000000008ba00000|  0%| F|  |TAMS 0x000000008b900000, 0x000000008b900000| Untracked 
|  34|0x000000008ba00000, 0x000000008ba00000, 0x000000008bb00000|  0%| F|  |TAMS 0x000000008ba00000, 0x000000008ba00000| Untracked 
|  35|0x000000008bb00000, 0x000000008bb00000, 0x000000008bc00000|  0%| F|  |TAMS 0x000000008bb00000, 0x000000008bb00000| Untracked 
|  36|0x000000008bc00000, 0x000000008bc00000, 0x000000008bd00000|  0%| F|  |TAMS 0x000000008bc00000, 0x000000008bc00000| Untracked 
|  37|0x000000008bd00000, 0x000000008bd00000, 0x000000008be00000|  0%| F|  |TAMS 0x000000008bd00000, 0x000000008bd00000| Untracked 
|  38|0x000000008be00000, 0x000000008be00000, 0x000000008bf00000|  0%| F|  |TAMS 0x000000008be00000, 0x000000008be00000| Untracked 
|  39|0x000000008bf00000, 0x000000008bf00000, 0x000000008c000000|  0%| F|  |TAMS 0x000000008bf00000, 0x000000008bf00000| Untracked 
|  40|0x000000008c000000, 0x000000008c000000, 0x000000008c100000|  0%| F|  |TAMS 0x000000008c000000, 0x000000008c000000| Untracked 
|  41|0x000000008c100000, 0x000000008c100000, 0x000000008c200000|  0%| F|  |TAMS 0x000000008c100000, 0x000000008c100000| Untracked 
|  42|0x000000008c200000, 0x000000008c200000, 0x000000008c300000|  0%| F|  |TAMS 0x000000008c200000, 0x000000008c200000| Untracked 
|  43|0x000000008c300000, 0x000000008c300000, 0x000000008c400000|  0%| F|  |TAMS 0x000000008c300000, 0x000000008c300000| Untracked 
|  44|0x000000008c400000, 0x000000008c400000, 0x000000008c500000|  0%| F|  |TAMS 0x000000008c400000, 0x000000008c400000| Untracked 
|  45|0x000000008c500000, 0x000000008c500000, 0x000000008c600000|  0%| F|  |TAMS 0x000000008c500000, 0x000000008c500000| Untracked 
|  46|0x000000008c600000, 0x000000008c600000, 0x000000008c700000|  0%| F|  |TAMS 0x000000008c600000, 0x000000008c600000| Untracked 
|  47|0x000000008c700000, 0x000000008c700000, 0x000000008c800000|  0%| F|  |TAMS 0x000000008c700000, 0x000000008c700000| Untracked 
|  48|0x000000008c800000, 0x000000008c800000, 0x000000008c900000|  0%| F|  |TAMS 0x000000008c800000, 0x000000008c800000| Untracked 
|  49|0x000000008c900000, 0x000000008c900000, 0x000000008ca00000|  0%| F|  |TAMS 0x000000008c900000, 0x000000008c900000| Untracked 
|  50|0x000000008ca00000, 0x000000008ca00000, 0x000000008cb00000|  0%| F|  |TAMS 0x000000008ca00000, 0x000000008ca00000| Untracked 
|  51|0x000000008cb00000, 0x000000008cb00000, 0x000000008cc00000|  0%| F|  |TAMS 0x000000008cb00000, 0x000000008cb00000| Untracked 
|  52|0x000000008cc00000, 0x000000008cc00000, 0x000000008cd00000|  0%| F|  |TAMS 0x000000008cc00000, 0x000000008cc00000| Untracked 
|  53|0x000000008cd00000, 0x000000008cd00000, 0x000000008ce00000|  0%| F|  |TAMS 0x000000008cd00000, 0x000000008cd00000| Untracked 
|  54|0x000000008ce00000, 0x000000008ce00000, 0x000000008cf00000|  0%| F|  |TAMS 0x000000008ce00000, 0x000000008ce00000| Untracked 
|  55|0x000000008cf00000, 0x000000008cf00000, 0x000000008d000000|  0%| F|  |TAMS 0x000000008cf00000, 0x000000008cf00000| Untracked 
|  56|0x000000008d000000, 0x000000008d000000, 0x000000008d100000|  0%| F|  |TAMS 0x000000008d000000, 0x000000008d000000| Untracked 
|  57|0x000000008d100000, 0x000000008d100000, 0x000000008d200000|  0%| F|  |TAMS 0x000000008d100000, 0x000000008d100000| Untracked 
|  58|0x000000008d200000, 0x000000008d200000, 0x000000008d300000|  0%| F|  |TAMS 0x000000008d200000, 0x000000008d200000| Untracked 
|  59|0x000000008d300000, 0x000000008d300000, 0x000000008d400000|  0%| F|  |TAMS 0x000000008d300000, 0x000000008d300000| Untracked 
|  60|0x000000008d400000, 0x000000008d400000, 0x000000008d500000|  0%| F|  |TAMS 0x000000008d400000, 0x000000008d400000| Untracked 
|  61|0x000000008d500000, 0x000000008d500000, 0x000000008d600000|  0%| F|  |TAMS 0x000000008d500000, 0x000000008d500000| Untracked 
|  62|0x000000008d600000, 0x000000008d600000, 0x000000008d700000|  0%| F|  |TAMS 0x000000008d600000, 0x000000008d600000| Untracked 
|  63|0x000000008d700000, 0x000000008d700000, 0x000000008d800000|  0%| F|  |TAMS 0x000000008d700000, 0x000000008d700000| Untracked 
|  64|0x000000008d800000, 0x000000008d800000, 0x000000008d900000|  0%| F|  |TAMS 0x000000008d800000, 0x000000008d800000| Untracked 
|  65|0x000000008d900000, 0x000000008d900000, 0x000000008da00000|  0%| F|  |TAMS 0x000000008d900000, 0x000000008d900000| Untracked 
|  66|0x000000008da00000, 0x000000008da00000, 0x000000008db00000|  0%| F|  |TAMS 0x000000008da00000, 0x000000008da00000| Untracked 
|  67|0x000000008db00000, 0x000000008db00000, 0x000000008dc00000|  0%| F|  |TAMS 0x000000008db00000, 0x000000008db00000| Untracked 
|  68|0x000000008dc00000, 0x000000008dc00000, 0x000000008dd00000|  0%| F|  |TAMS 0x000000008dc00000, 0x000000008dc00000| Untracked 
|  69|0x000000008dd00000, 0x000000008dd00000, 0x000000008de00000|  0%| F|  |TAMS 0x000000008dd00000, 0x000000008dd00000| Untracked 
|  70|0x000000008de00000, 0x000000008de00000, 0x000000008df00000|  0%| F|  |TAMS 0x000000008de00000, 0x000000008de00000| Untracked 
|  71|0x000000008df00000, 0x000000008df00000, 0x000000008e000000|  0%| F|  |TAMS 0x000000008df00000, 0x000000008df00000| Untracked 
|  72|0x000000008e000000, 0x000000008e000000, 0x000000008e100000|  0%| F|  |TAMS 0x000000008e000000, 0x000000008e000000| Untracked 
|  73|0x000000008e100000, 0x000000008e100000, 0x000000008e200000|  0%| F|  |TAMS 0x000000008e100000, 0x000000008e100000| Untracked 
|  74|0x000000008e200000, 0x000000008e200000, 0x000000008e300000|  0%| F|  |TAMS 0x000000008e200000, 0x000000008e200000| Untracked 
|  75|0x000000008e300000, 0x000000008e300000, 0x000000008e400000|  0%| F|  |TAMS 0x000000008e300000, 0x000000008e300000| Untracked 
|  76|0x000000008e400000, 0x000000008e400000, 0x000000008e500000|  0%| F|  |TAMS 0x000000008e400000, 0x000000008e400000| Untracked 
|  77|0x000000008e500000, 0x000000008e500000, 0x000000008e600000|  0%| F|  |TAMS 0x000000008e500000, 0x000000008e500000| Untracked 
|  78|0x000000008e600000, 0x000000008e600000, 0x000000008e700000|  0%| F|  |TAMS 0x000000008e600000, 0x000000008e600000| Untracked 
|  79|0x000000008e700000, 0x000000008e700000, 0x000000008e800000|  0%| F|  |TAMS 0x000000008e700000, 0x000000008e700000| Untracked 
|  80|0x000000008e800000, 0x000000008e800000, 0x000000008e900000|  0%| F|  |TAMS 0x000000008e800000, 0x000000008e800000| Untracked 
|  81|0x000000008e900000, 0x000000008e900000, 0x000000008ea00000|  0%| F|  |TAMS 0x000000008e900000, 0x000000008e900000| Untracked 
|  82|0x000000008ea00000, 0x000000008ea00000, 0x000000008eb00000|  0%| F|  |TAMS 0x000000008ea00000, 0x000000008ea00000| Untracked 
|  83|0x000000008eb00000, 0x000000008eb00000, 0x000000008ec00000|  0%| F|  |TAMS 0x000000008eb00000, 0x000000008eb00000| Untracked 
|  84|0x000000008ec00000, 0x000000008ec00000, 0x000000008ed00000|  0%| F|  |TAMS 0x000000008ec00000, 0x000000008ec00000| Untracked 
|  85|0x000000008ed00000, 0x000000008ed00000, 0x000000008ee00000|  0%| F|  |TAMS 0x000000008ed00000, 0x000000008ed00000| Untracked 
|  86|0x000000008ee00000, 0x000000008ee00000, 0x000000008ef00000|  0%| F|  |TAMS 0x000000008ee00000, 0x000000008ee00000| Untracked 
|  87|0x000000008ef00000, 0x000000008ef00000, 0x000000008f000000|  0%| F|  |TAMS 0x000000008ef00000, 0x000000008ef00000| Untracked 
|  88|0x000000008f000000, 0x000000008f000000, 0x000000008f100000|  0%| F|  |TAMS 0x000000008f000000, 0x000000008f000000| Untracked 
|  89|0x000000008f100000, 0x000000008f100000, 0x000000008f200000|  0%| F|  |TAMS 0x000000008f100000, 0x000000008f100000| Untracked 
|  90|0x000000008f200000, 0x000000008f200000, 0x000000008f300000|  0%| F|  |TAMS 0x000000008f200000, 0x000000008f200000| Untracked 
|  91|0x000000008f300000, 0x000000008f300000, 0x000000008f400000|  0%| F|  |TAMS 0x000000008f300000, 0x000000008f300000| Untracked 
|  92|0x000000008f400000, 0x000000008f400000, 0x000000008f500000|  0%| F|  |TAMS 0x000000008f400000, 0x000000008f400000| Untracked 
|  93|0x000000008f500000, 0x000000008f500000, 0x000000008f600000|  0%| F|  |TAMS 0x000000008f500000, 0x000000008f500000| Untracked 
|  94|0x000000008f600000, 0x000000008f600000, 0x000000008f700000|  0%| F|  |TAMS 0x000000008f600000, 0x000000008f600000| Untracked 
|  95|0x000000008f700000, 0x000000008f700000, 0x000000008f800000|  0%| F|  |TAMS 0x000000008f700000, 0x000000008f700000| Untracked 
|  96|0x000000008f800000, 0x000000008f800000, 0x000000008f900000|  0%| F|  |TAMS 0x000000008f800000, 0x000000008f800000| Untracked 
|  97|0x000000008f900000, 0x000000008f900000, 0x000000008fa00000|  0%| F|  |TAMS 0x000000008f900000, 0x000000008f900000| Untracked 
|  98|0x000000008fa00000, 0x000000008fa00000, 0x000000008fb00000|  0%| F|  |TAMS 0x000000008fa00000, 0x000000008fa00000| Untracked 
|  99|0x000000008fb00000, 0x000000008fb00000, 0x000000008fc00000|  0%| F|  |TAMS 0x000000008fb00000, 0x000000008fb00000| Untracked 
| 100|0x000000008fc00000, 0x000000008fc00000, 0x000000008fd00000|  0%| F|  |TAMS 0x000000008fc00000, 0x000000008fc00000| Untracked 
| 101|0x000000008fd00000, 0x000000008fd00000, 0x000000008fe00000|  0%| F|  |TAMS 0x000000008fd00000, 0x000000008fd00000| Untracked 
| 102|0x000000008fe00000, 0x000000008fe00000, 0x000000008ff00000|  0%| F|  |TAMS 0x000000008fe00000, 0x000000008fe00000| Untracked 
| 103|0x000000008ff00000, 0x000000008ff00000, 0x0000000090000000|  0%| F|  |TAMS 0x000000008ff00000, 0x000000008ff00000| Untracked 
| 104|0x0000000090000000, 0x0000000090000000, 0x0000000090100000|  0%| F|  |TAMS 0x0000000090000000, 0x0000000090000000| Untracked 
| 105|0x0000000090100000, 0x0000000090100000, 0x0000000090200000|  0%| F|  |TAMS 0x0000000090100000, 0x0000000090100000| Untracked 
| 106|0x0000000090200000, 0x0000000090200000, 0x0000000090300000|  0%| F|  |TAMS 0x0000000090200000, 0x0000000090200000| Untracked 
| 107|0x0000000090300000, 0x0000000090300000, 0x0000000090400000|  0%| F|  |TAMS 0x0000000090300000, 0x0000000090300000| Untracked 
| 108|0x0000000090400000, 0x0000000090400000, 0x0000000090500000|  0%| F|  |TAMS 0x0000000090400000, 0x0000000090400000| Untracked 
| 109|0x0000000090500000, 0x0000000090500000, 0x0000000090600000|  0%| F|  |TAMS 0x0000000090500000, 0x0000000090500000| Untracked 
| 110|0x0000000090600000, 0x0000000090600000, 0x0000000090700000|  0%| F|  |TAMS 0x0000000090600000, 0x0000000090600000| Untracked 
| 111|0x0000000090700000, 0x0000000090700000, 0x0000000090800000|  0%| F|  |TAMS 0x0000000090700000, 0x0000000090700000| Untracked 
| 112|0x0000000090800000, 0x0000000090800000, 0x0000000090900000|  0%| F|  |TAMS 0x0000000090800000, 0x0000000090800000| Untracked 
| 113|0x0000000090900000, 0x0000000090900000, 0x0000000090a00000|  0%| F|  |TAMS 0x0000000090900000, 0x0000000090900000| Untracked 
| 114|0x0000000090a00000, 0x0000000090a00000, 0x0000000090b00000|  0%| F|  |TAMS 0x0000000090a00000, 0x0000000090a00000| Untracked 
| 115|0x0000000090b00000, 0x0000000090b00000, 0x0000000090c00000|  0%| F|  |TAMS 0x0000000090b00000, 0x0000000090b00000| Untracked 
| 116|0x0000000090c00000, 0x0000000090c00000, 0x0000000090d00000|  0%| F|  |TAMS 0x0000000090c00000, 0x0000000090c00000| Untracked 
| 117|0x0000000090d00000, 0x0000000090d00000, 0x0000000090e00000|  0%| F|  |TAMS 0x0000000090d00000, 0x0000000090d00000| Untracked 
| 118|0x0000000090e00000, 0x0000000090e00000, 0x0000000090f00000|  0%| F|  |TAMS 0x0000000090e00000, 0x0000000090e00000| Untracked 
| 119|0x0000000090f00000, 0x0000000090f00000, 0x0000000091000000|  0%| F|  |TAMS 0x0000000090f00000, 0x0000000090f00000| Untracked 
| 120|0x0000000091000000, 0x0000000091000000, 0x0000000091100000|  0%| F|  |TAMS 0x0000000091000000, 0x0000000091000000| Untracked 
| 121|0x0000000091100000, 0x0000000091100000, 0x0000000091200000|  0%| F|  |TAMS 0x0000000091100000, 0x0000000091100000| Untracked 
| 122|0x0000000091200000, 0x0000000091200000, 0x0000000091300000|  0%| F|  |TAMS 0x0000000091200000, 0x0000000091200000| Untracked 
| 123|0x0000000091300000, 0x0000000091300000, 0x0000000091400000|  0%| F|  |TAMS 0x0000000091300000, 0x0000000091300000| Untracked 
| 124|0x0000000091400000, 0x0000000091400000, 0x0000000091500000|  0%| F|  |TAMS 0x0000000091400000, 0x0000000091400000| Untracked 
| 125|0x0000000091500000, 0x0000000091500000, 0x0000000091600000|  0%| F|  |TAMS 0x0000000091500000, 0x0000000091500000| Untracked 
| 126|0x0000000091600000, 0x0000000091600000, 0x0000000091700000|  0%| F|  |TAMS 0x0000000091600000, 0x0000000091600000| Untracked 
| 127|0x0000000091700000, 0x0000000091700000, 0x0000000091800000|  0%| F|  |TAMS 0x0000000091700000, 0x0000000091700000| Untracked 
| 128|0x0000000091800000, 0x0000000091800000, 0x0000000091900000|  0%| F|  |TAMS 0x0000000091800000, 0x0000000091800000| Untracked 
| 129|0x0000000091900000, 0x0000000091900000, 0x0000000091a00000|  0%| F|  |TAMS 0x0000000091900000, 0x0000000091900000| Untracked 
| 130|0x0000000091a00000, 0x0000000091a00000, 0x0000000091b00000|  0%| F|  |TAMS 0x0000000091a00000, 0x0000000091a00000| Untracked 
| 131|0x0000000091b00000, 0x0000000091b00000, 0x0000000091c00000|  0%| F|  |TAMS 0x0000000091b00000, 0x0000000091b00000| Untracked 
| 132|0x0000000091c00000, 0x0000000091d00000, 0x0000000091d00000|100%| S|CS|TAMS 0x0000000091c00000, 0x0000000091c00000| Complete 
| 133|0x0000000091d00000, 0x0000000091e00000, 0x0000000091e00000|100%| S|CS|TAMS 0x0000000091d00000, 0x0000000091d00000| Complete 
| 134|0x0000000091e00000, 0x0000000091f00000, 0x0000000091f00000|100%| S|CS|TAMS 0x0000000091e00000, 0x0000000091e00000| Complete 
| 135|0x0000000091f00000, 0x0000000092000000, 0x0000000092000000|100%| S|CS|TAMS 0x0000000091f00000, 0x0000000091f00000| Complete 
| 136|0x0000000092000000, 0x0000000092100000, 0x0000000092100000|100%| S|CS|TAMS 0x0000000092000000, 0x0000000092000000| Complete 
| 137|0x0000000092100000, 0x0000000092200000, 0x0000000092200000|100%| S|CS|TAMS 0x0000000092100000, 0x0000000092100000| Complete 
| 138|0x0000000092200000, 0x0000000092200000, 0x0000000092300000|  0%| F|  |TAMS 0x0000000092200000, 0x0000000092200000| Untracked 
| 139|0x0000000092300000, 0x0000000092300000, 0x0000000092400000|  0%| F|  |TAMS 0x0000000092300000, 0x0000000092300000| Untracked 
| 140|0x0000000092400000, 0x0000000092400000, 0x0000000092500000|  0%| F|  |TAMS 0x0000000092400000, 0x0000000092400000| Untracked 
| 141|0x0000000092500000, 0x0000000092500000, 0x0000000092600000|  0%| F|  |TAMS 0x0000000092500000, 0x0000000092500000| Untracked 
| 142|0x0000000092600000, 0x0000000092600000, 0x0000000092700000|  0%| F|  |TAMS 0x0000000092600000, 0x0000000092600000| Untracked 
| 143|0x0000000092700000, 0x0000000092700000, 0x0000000092800000|  0%| F|  |TAMS 0x0000000092700000, 0x0000000092700000| Untracked 

Card table byte_map: [0x0000015075200000,0x00000150755c0000] _byte_map_base: 0x0000015074db4000

Marking Bits (Prev, Next): (CMBitMap*) 0x000001505e6a8d38, (CMBitMap*) 0x000001505e6a8d70
 Prev Bits: [0x0000015075980000, 0x0000015077720000)
 Next Bits: [0x0000015077720000, 0x00000150794c0000)

Polling page: 0x000001505c5d0000

Metaspace:

Usage:
  Non-class:     31.97 MB capacity,    31.42 MB ( 98%) used,   446.36 KB (  1%) free+waste,   115.31 KB ( <1%) overhead. 
      Class:      4.75 MB capacity,     4.37 MB ( 92%) used,   338.44 KB (  7%) free+waste,    56.50 KB (  1%) overhead. 
       Both:     36.72 MB capacity,    35.78 MB ( 97%) used,   784.80 KB (  2%) free+waste,   171.81 KB ( <1%) overhead. 

Virtual space:
  Non-class space:       40.00 MB reserved,      32.00 MB ( 80%) committed 
      Class space:        1.00 GB reserved,       4.88 MB ( <1%) committed 
             Both:        1.04 GB reserved,      36.88 MB (  3%) committed 

Chunk freelists:
   Non-Class:  4.38 KB
       Class:  3.75 KB
        Both:  8.13 KB

CodeHeap 'non-profiled nmethods': size=120064Kb used=1700Kb max_used=1700Kb free=118364Kb
 bounds [0x000001506d7f0000, 0x000001506da60000, 0x0000015074d30000]
CodeHeap 'profiled nmethods': size=120000Kb used=7378Kb max_used=7378Kb free=112621Kb
 bounds [0x00000150662c0000, 0x0000015066a00000, 0x000001506d7f0000]
CodeHeap 'non-nmethods': size=5696Kb used=1239Kb max_used=1274Kb free=4456Kb
 bounds [0x0000015065d30000, 0x0000015065fa0000, 0x00000150662c0000]
 total_blobs=3762 nmethods=3266 adapters=415
 compilation: enabled
              stopped_count=0, restarted_count=0
 full_count=0

Compilation events (10 events):
Event: 3.342 Thread 0x000001507c684000 nmethod 3270 0x00000150669f3a90 code [0x00000150669f3c40, 0x00000150669f3e08]
Event: 3.342 Thread 0x000001507c684000 3266       3       java.util.regex.Pattern::split (7 bytes)
Event: 3.342 Thread 0x000001507c684000 nmethod 3266 0x00000150669f3f10 code [0x00000150669f40c0, 0x00000150669f4208]
Event: 3.342 Thread 0x0000015001281000 3271       4       sun.security.provider.SHA2::lf_maj (12 bytes)
Event: 3.342 Thread 0x000001507c684000 3272       3       java.security.MessageDigest$Delegate::engineUpdate (11 bytes)
Event: 3.342 Thread 0x0000015001281000 nmethod 3271 0x000001506d998010 code [0x000001506d998180, 0x000001506d9981d8]
Event: 3.342 Thread 0x000001507c684000 nmethod 3272 0x00000150669f4290 code [0x00000150669f4440, 0x00000150669f4628]
Event: 3.342 Thread 0x000001507c684000 3273       3       java.security.MessageDigest::update (14 bytes)
Event: 3.342 Thread 0x000001507c684000 nmethod 3273 0x00000150669f4710 code [0x00000150669f48c0, 0x00000150669f4aa8]
Event: 3.345 Thread 0x000001507c682800 nmethod 3264 0x000001506d998290 code [0x000001506d998440, 0x000001506d998b98]

GC Heap History (10 events):
Event: 1.084 GC heap before
{Heap before GC invocations=1 (full 0):
 garbage-first heap   total 122880K, used 24003K [0x0000000089800000, 0x0000000100000000)
  region size 1024K, 20 young (20480K), 3 survivors (3072K)
 Metaspace       used 16113K, capacity 16546K, committed 16768K, reserved 1064960K
  class space    used 1707K, capacity 1868K, committed 1920K, reserved 1048576K
}
Event: 1.089 GC heap after
{Heap after GC invocations=2 (full 0):
 garbage-first heap   total 122880K, used 7933K [0x0000000089800000, 0x0000000100000000)
  region size 1024K, 2 young (2048K), 2 survivors (2048K)
 Metaspace       used 16113K, capacity 16546K, committed 16768K, reserved 1064960K
  class space    used 1707K, capacity 1868K, committed 1920K, reserved 1048576K
}
Event: 1.581 GC heap before
{Heap before GC invocations=2 (full 0):
 garbage-first heap   total 122880K, used 41725K [0x0000000089800000, 0x0000000100000000)
  region size 1024K, 36 young (36864K), 2 survivors (2048K)
 Metaspace       used 20640K, capacity 21118K, committed 21248K, reserved 1069056K
  class space    used 2248K, capacity 2436K, committed 2560K, reserved 1048576K
}
Event: 1.586 GC heap after
{Heap after GC invocations=3 (full 0):
 garbage-first heap   total 122880K, used 9778K [0x0000000089800000, 0x0000000100000000)
  region size 1024K, 3 young (3072K), 3 survivors (3072K)
 Metaspace       used 20640K, capacity 21118K, committed 21248K, reserved 1069056K
  class space    used 2248K, capacity 2436K, committed 2560K, reserved 1048576K
}
Event: 2.563 GC heap before
{Heap before GC invocations=4 (full 0):
 garbage-first heap   total 122880K, used 76338K [0x0000000089800000, 0x0000000100000000)
  region size 1024K, 68 young (69632K), 3 survivors (3072K)
 Metaspace       used 28623K, capacity 29452K, committed 29568K, reserved 1075200K
  class space    used 3314K, capacity 3651K, committed 3712K, reserved 1048576K
}
Event: 2.574 GC heap after
{Heap after GC invocations=5 (full 0):
 garbage-first heap   total 122880K, used 11832K [0x0000000089800000, 0x0000000100000000)
  region size 1024K, 5 young (5120K), 5 survivors (5120K)
 Metaspace       used 28623K, capacity 29452K, committed 29568K, reserved 1075200K
  class space    used 3314K, capacity 3651K, committed 3712K, reserved 1048576K
}
Event: 3.233 GC heap before
{Heap before GC invocations=5 (full 0):
 garbage-first heap   total 122880K, used 51768K [0x0000000089800000, 0x0000000100000000)
  region size 1024K, 45 young (46080K), 5 survivors (5120K)
 Metaspace       used 34868K, capacity 35805K, committed 35840K, reserved 1081344K
  class space    used 4236K, capacity 4608K, committed 4608K, reserved 1048576K
}
Event: 3.244 GC heap after
{Heap after GC invocations=6 (full 0):
 garbage-first heap   total 147456K, used 13731K [0x0000000089800000, 0x0000000100000000)
  region size 1024K, 6 young (6144K), 6 survivors (6144K)
 Metaspace       used 34868K, capacity 35805K, committed 35840K, reserved 1081344K
  class space    used 4236K, capacity 4608K, committed 4608K, reserved 1048576K
}
Event: 3.348 GC heap before
{Heap before GC invocations=7 (full 0):
 garbage-first heap   total 147456K, used 18851K [0x0000000089800000, 0x0000000100000000)
  region size 1024K, 12 young (12288K), 6 survivors (6144K)
 Metaspace       used 36642K, capacity 37599K, committed 37760K, reserved 1087488K
  class space    used 4471K, capacity 4866K, committed 4992K, reserved 1048576K
}
Event: 3.356 GC heap after
{Heap after GC invocations=8 (full 0):
 garbage-first heap   total 147456K, used 15198K [0x0000000089800000, 0x0000000100000000)
  region size 1024K, 6 young (6144K), 6 survivors (6144K)
 Metaspace       used 36642K, capacity 37599K, committed 37760K, reserved 1087488K
  class space    used 4471K, capacity 4866K, committed 4992K, reserved 1048576K
}

Deoptimization events (10 events):
Event: 2.379 Thread 0x000001505e66e800 Uncommon trap: reason=unstable_if action=reinterpret pc=0x000001506d84d64c method=sun.net.www.ParseUtil.firstEncodeIndex(Ljava/lang/String;)I @ 51 c2
Event: 3.101 Thread 0x000001505e66e800 Uncommon trap: reason=unstable_if action=reinterpret pc=0x000001506d89c9d8 method=java.util.Properties$LineReader.readLine()I @ 25 c2
Event: 3.101 Thread 0x000001505e66e800 Uncommon trap: reason=unstable_if action=reinterpret pc=0x000001506d89a158 method=java.util.Properties$LineReader.readLine()I @ 117 c2
Event: 3.102 Thread 0x000001505e66e800 Uncommon trap: reason=unstable_if action=reinterpret pc=0x000001506d89de24 method=java.util.Properties.loadConvert([CIILjava/lang/StringBuilder;)Ljava/lang/String; @ 26 c2
Event: 3.102 Thread 0x000001505e66e800 Uncommon trap: reason=unstable_if action=reinterpret pc=0x000001506d8dc9b4 method=java.nio.Buffer.position(I)Ljava/nio/Buffer; @ 37 c2
Event: 3.103 Thread 0x000001505e66e800 Uncommon trap: reason=unstable_if action=reinterpret pc=0x000001506d87439c method=java.nio.Buffer.position(I)Ljava/nio/Buffer; @ 37 c2
Event: 3.105 Thread 0x000001505e66e800 Uncommon trap: reason=unstable_if action=reinterpret pc=0x000001506d894734 method=java.util.Properties.loadConvert([CIILjava/lang/StringBuilder;)Ljava/lang/String; @ 26 c2
Event: 3.188 Thread 0x000001505e66e800 Uncommon trap: reason=unstable_if action=reinterpret pc=0x000001506d95dbb0 method=sun.net.www.ParseUtil.encodePath(Ljava/lang/String;Z)Ljava/lang/String; @ 1 c2
Event: 3.325 Thread 0x000001505e66e800 Uncommon trap: reason=unstable_if action=reinterpret pc=0x000001506d964394 method=java.net.URLStreamHandler.parseURL(Ljava/net/URL;Ljava/lang/String;II)V @ 155 c2
Event: 3.325 Thread 0x000001505e66e800 Uncommon trap: reason=unstable_if action=reinterpret pc=0x000001506d8ffc10 method=sun.net.util.IPAddressUtil.scan(Ljava/lang/String;JJ[C)I @ 14 c2

Classes redefined (0 events):
No events

Internal exceptions (10 events):
Event: 2.135 Thread 0x000001505e66e800 Exception <a 'java/lang/ClassNotFoundException'{0x000000008edc8060}: org/springframework/context/annotation/ImportAwareCustomizer> (0x000000008edc8060) thrown at [./open/src/hotspot/share/classfile/systemDictionary.cpp, line 226]
Event: 2.135 Thread 0x000001505e66e800 Exception <a 'java/lang/ClassNotFoundException'{0x000000008edd8828}: org/springframework/beans/factory/AwareCustomizer> (0x000000008edd8828) thrown at [./open/src/hotspot/share/classfile/systemDictionary.cpp, line 226]
Event: 2.181 Thread 0x000001505e66e800 Exception <a 'java/lang/NoSuchMethodError'{0x000000008e655ee8}: java.lang.invoke.DelegatingMethodHandle$Holder.delegate(Ljava/lang/Object;Ljava/lang/Object;ILjava/lang/Object;)V> (0x000000008e655ee8) thrown at [./open/src/hotspot/share/interpreter/linkRes
Event: 2.263 Thread 0x000001505e66e800 Exception <a 'java/lang/NoSuchMethodError'{0x000000008e0a0990}: java.lang.invoke.DirectMethodHandle$Holder.invokeSpecial(Ljava/lang/Object;Ljava/lang/Object;Ljava/lang/Object;Ljava/lang/Object;Ljava/lang/Object;)I> (0x000000008e0a0990) thrown at [./open/s
Event: 2.728 Thread 0x000001505e66e800 Exception <a 'java/lang/NoSuchMethodError'{0x0000000090212d60}: java.lang.invoke.DirectMethodHandle$Holder.invokeStaticInit(Ljava/lang/Object;IIII)Ljava/lang/Object;> (0x0000000090212d60) thrown at [./open/src/hotspot/share/interpreter/linkResolver.cpp, l
Event: 2.934 Thread 0x000001505e66e800 Exception <a 'java/lang/NoSuchMethodError'{0x0000000090261a60}: java.lang.invoke.DirectMethodHandle$Holder.invokeStaticInit(Ljava/lang/Object;Ljava/lang/Object;IIII)Ljava/lang/Object;> (0x0000000090261a60) thrown at [./open/src/hotspot/share/interpreter/l
Event: 3.037 Thread 0x000001505e66e800 Exception <a 'java/lang/NoSuchMethodError'{0x000000008f8aa998}: java.lang.invoke.DirectMethodHandle$Holder.invokeSpecial(Ljava/lang/Object;Ljava/lang/Object;IILjava/lang/Object;Ljava/lang/Object;Ljava/lang/Object;)Ljava/lang/Object;> (0x000000008f8aa998) 
Event: 3.037 Thread 0x000001505e66e800 Exception <a 'java/lang/NoSuchMethodError'{0x000000008f8adf20}: java.lang.invoke.DelegatingMethodHandle$Holder.reinvoke_L(Ljava/lang/Object;IILjava/lang/Object;Ljava/lang/Object;Ljava/lang/Object;)Ljava/lang/Object;> (0x000000008f8adf20) thrown at [./open
Event: 3.320 Thread 0x000001505e66e800 Exception <a 'sun/nio/fs/WindowsException'{0x000000009233c998}> (0x000000009233c998) thrown at [./open/src/hotspot/share/prims/jni.cpp, line 611]
Event: 3.327 Thread 0x000001505e66e800 Exception <a 'java/lang/NoSuchMethodError'{0x00000000923721f0}: java.lang.invoke.DirectMethodHandle$Holder.invokeStaticInit(Ljava/lang/Object;Ljava/lang/Object;Ljava/lang/Object;Ljava/lang/Object;)I> (0x00000000923721f0) thrown at [./open/src/hotspot/shar

Events (10 events):
Event: 3.348 loading class sun/security/ssl/CertificateMessage$T12CertificateConsumer
Event: 3.348 loading class sun/security/ssl/CertificateMessage$T12CertificateConsumer done
Event: 3.348 loading class sun/security/ssl/CertificateMessage$T12CertificateProducer
Event: 3.348 loading class sun/security/ssl/CertificateMessage$T12CertificateProducer done
Event: 3.348 loading class sun/security/ssl/CertificateMessage$T13CertificateConsumer
Event: 3.348 loading class sun/security/ssl/CertificateMessage$T13CertificateConsumer done
Event: 3.348 loading class sun/security/ssl/CertificateMessage$T13CertificateProducer
Event: 3.348 loading class sun/security/ssl/CertificateMessage$T13CertificateProducer done
Event: 3.348 loading class sun/security/ssl/ServerKeyExchange
Event: 3.348 Executing VM operation: CollectForMetadataAllocation


Dynamic libraries:
0x00007ff6a48d0000 - 0x00007ff6a48df000 	C:\Program Files\Java\jdk-11.0.17\bin\java.exe
0x00007ffabae50000 - 0x00007ffabb048000 	C:\Windows\SYSTEM32\ntdll.dll
0x00007ffab9680000 - 0x00007ffab973d000 	C:\Windows\System32\KERNEL32.DLL
0x00007ffab8510000 - 0x00007ffab8806000 	C:\Windows\System32\KERNELBASE.dll
0x00007ffab8d90000 - 0x00007ffab8e90000 	C:\Windows\System32\ucrtbase.dll
0x00007ffa9db80000 - 0x00007ffa9db95000 	C:\Program Files\Java\jdk-11.0.17\bin\VCRUNTIME140.dll
0x00007ffa9dba0000 - 0x00007ffa9dbb8000 	C:\Program Files\Java\jdk-11.0.17\bin\jli.dll
0x00007ffab9310000 - 0x00007ffab93c3000 	C:\Windows\System32\ADVAPI32.dll
0x00007ffab98f0000 - 0x00007ffab998e000 	C:\Windows\System32\msvcrt.dll
0x00007ffab8e90000 - 0x00007ffab8f2f000 	C:\Windows\System32\sechost.dll
0x00007ffab8f90000 - 0x00007ffab90b6000 	C:\Windows\System32\RPCRT4.dll
0x00007ffab8d60000 - 0x00007ffab8d87000 	C:\Windows\System32\bcrypt.dll
0x00007ffab9100000 - 0x00007ffab929e000 	C:\Windows\System32\USER32.dll
0x00007ffab8d30000 - 0x00007ffab8d52000 	C:\Windows\System32\win32u.dll
0x00007ffab90c0000 - 0x00007ffab90eb000 	C:\Windows\System32\GDI32.dll
0x00007ffa9e170000 - 0x00007ffa9e40a000 	C:\Windows\WinSxS\amd64_microsoft.windows.common-controls_6595b64144ccf1df_6.0.19041.3636_none_60b6a03d71f818d5\COMCTL32.dll
0x00007ffab88b0000 - 0x00007ffab89c7000 	C:\Windows\System32\gdi32full.dll
0x00007ffab8810000 - 0x00007ffab88ad000 	C:\Windows\System32\msvcp_win.dll
0x00007ffaaf980000 - 0x00007ffaaf98a000 	C:\Windows\SYSTEM32\VERSION.dll
0x00007ffab9f70000 - 0x00007ffab9fa2000 	C:\Windows\System32\IMM32.DLL
0x00007ffa9da90000 - 0x00007ffa9db2b000 	C:\Program Files\Java\jdk-11.0.17\bin\msvcp140.dll
0x00007ffa9ce20000 - 0x00007ffa9d93a000 	C:\Program Files\Java\jdk-11.0.17\bin\server\jvm.dll
0x00007ffab9300000 - 0x00007ffab9308000 	C:\Windows\System32\PSAPI.DLL
0x00007ffaaf950000 - 0x00007ffaaf977000 	C:\Windows\SYSTEM32\WINMM.dll
0x00007ffa9ce10000 - 0x00007ffa9ce19000 	C:\Windows\SYSTEM32\WSOCK32.dll
0x00007ffab9750000 - 0x00007ffab97bb000 	C:\Windows\System32\ws2_32.DLL
0x00007ffab63c0000 - 0x00007ffab63d2000 	C:\Windows\SYSTEM32\kernel.appcore.dll
0x00007ffa9c700000 - 0x00007ffa9c710000 	C:\Program Files\Java\jdk-11.0.17\bin\verify.dll
0x00007ffaa76c0000 - 0x00007ffaa78a4000 	C:\Windows\SYSTEM32\DBGHELP.DLL
0x00007ffaa7600000 - 0x00007ffaa7634000 	C:\Windows\SYSTEM32\dbgcore.DLL
0x00007ffab8bf0000 - 0x00007ffab8c72000 	C:\Windows\System32\bcryptPrimitives.dll
0x00007ffa9c6d0000 - 0x00007ffa9c6f8000 	C:\Program Files\Java\jdk-11.0.17\bin\java.dll
0x00007ffa9c6c0000 - 0x00007ffa9c6ca000 	C:\Program Files\Java\jdk-11.0.17\bin\jimage.dll
0x00007ffab4530000 - 0x00007ffab4568000 	C:\Program Files\Java\jdk-11.0.17\bin\jdwp.dll
0x00007ffab3cc0000 - 0x00007ffab3cce000 	C:\Program Files\Java\jdk-11.0.17\bin\instrument.dll
0x00007ffaaeb90000 - 0x00007ffaaeba6000 	C:\Program Files\Java\jdk-11.0.17\bin\zip.dll
0x00007ffaba6c0000 - 0x00007ffabae05000 	C:\Windows\System32\SHELL32.dll
0x00007ffab65c0000 - 0x00007ffab6d5c000 	C:\Windows\SYSTEM32\windows.storage.dll
0x00007ffab9c10000 - 0x00007ffab9f64000 	C:\Windows\System32\combase.dll
0x00007ffab7ed0000 - 0x00007ffab7efe000 	C:\Windows\SYSTEM32\Wldp.dll
0x00007ffab9b40000 - 0x00007ffab9c0d000 	C:\Windows\System32\OLEAUT32.dll
0x00007ffaba610000 - 0x00007ffaba6bd000 	C:\Windows\System32\SHCORE.dll
0x00007ffab8f30000 - 0x00007ffab8f85000 	C:\Windows\System32\shlwapi.dll
0x00007ffab8440000 - 0x00007ffab8465000 	C:\Windows\SYSTEM32\profapi.dll
0x00007ffab2a70000 - 0x00007ffab2a7a000 	C:\Program Files\Java\jdk-11.0.17\bin\dt_socket.dll
0x00007ffab7bd0000 - 0x00007ffab7c3a000 	C:\Windows\system32\mswsock.dll
0x00007ffa99010000 - 0x00007ffa99029000 	C:\Program Files\Java\jdk-11.0.17\bin\net.dll
0x00007ffaafab0000 - 0x00007ffaafbba000 	C:\Windows\SYSTEM32\WINHTTP.dll
0x00007ffa98ff0000 - 0x00007ffa99002000 	C:\Program Files\Java\jdk-11.0.17\bin\nio.dll
0x00007ffa8b760000 - 0x00007ffa8b769000 	C:\Program Files\Java\jdk-11.0.17\bin\management.dll
0x00007ffa8b750000 - 0x00007ffa8b75b000 	C:\Program Files\Java\jdk-11.0.17\bin\management_ext.dll
0x00007ffa9b0f0000 - 0x00007ffa9b107000 	C:\Windows\system32\napinsp.dll
0x00007ffa9b0d0000 - 0x00007ffa9b0eb000 	C:\Windows\system32\pnrpnsp.dll
0x00007ffab2ec0000 - 0x00007ffab2ed5000 	C:\Windows\system32\wshbth.dll
0x00007ffab3d60000 - 0x00007ffab3d7d000 	C:\Windows\system32\NLAapi.dll
0x00007ffab78c0000 - 0x00007ffab78fb000 	C:\Windows\SYSTEM32\IPHLPAPI.DLL
0x00007ffab7900000 - 0x00007ffab79cb000 	C:\Windows\SYSTEM32\DNSAPI.dll
0x00007ffab90f0000 - 0x00007ffab90f8000 	C:\Windows\System32\NSI.dll
0x00007ffa9b0b0000 - 0x00007ffa9b0c2000 	C:\Windows\System32\winrnr.dll
0x00007ffab0ef0000 - 0x00007ffab0efa000 	C:\Windows\System32\rasadhlp.dll
0x00007ffaaed80000 - 0x00007ffaaee00000 	C:\Windows\System32\fwpuclnt.dll
0x00007ffab7dc0000 - 0x00007ffab7dd8000 	C:\Windows\SYSTEM32\CRYPTSP.dll
0x00007ffab7500000 - 0x00007ffab7534000 	C:\Windows\system32\rsaenh.dll
0x00007ffab83c0000 - 0x00007ffab83ee000 	C:\Windows\SYSTEM32\USERENV.dll
0x00007ffab7de0000 - 0x00007ffab7dec000 	C:\Windows\SYSTEM32\CRYPTBASE.dll
0x00007ffab1050000 - 0x00007ffab1067000 	C:\Windows\SYSTEM32\dhcpcsvc6.DLL
0x00007ffab1780000 - 0x00007ffab179d000 	C:\Windows\SYSTEM32\dhcpcsvc.DLL
0x00007ffa94a60000 - 0x00007ffa94a6d000 	C:\Program Files\Java\jdk-11.0.17\bin\sunmscapi.dll
0x00007ffab8a40000 - 0x00007ffab8b9d000 	C:\Windows\System32\CRYPT32.dll
0x00007ffab7f40000 - 0x00007ffab7f68000 	C:\Windows\SYSTEM32\ncrypt.dll
0x00007ffab7f00000 - 0x00007ffab7f3b000 	C:\Windows\SYSTEM32\NTASN1.dll
0x00007ffaa0a70000 - 0x00007ffaa0a95000 	C:\Program Files\Java\jdk-11.0.17\bin\sunec.dll

dbghelp: loaded successfully - version: 4.0.5 - missing functions: none
symbol engine: initialized successfully - sym options: 0x614 - pdb path: .;C:\Program Files\Java\jdk-11.0.17\bin;C:\Windows\SYSTEM32;C:\Windows\WinSxS\amd64_microsoft.windows.common-controls_6595b64144ccf1df_6.0.19041.3636_none_60b6a03d71f818d5;C:\Program Files\Java\jdk-11.0.17\bin\server

VM Arguments:
jvm_args: -agentlib:jdwp=transport=dt_socket,address=127.0.0.1:61593,suspend=y,server=n -javaagent:C:\Users\Daria\AppData\Local\JetBrains\IdeaIC2022.2\captureAgent\debugger-agent.jar -Dfile.encoding=UTF-8 
java_command: ru.project.congratulatory.CongratulatoryApplication
java_class_path (initial): C:\java app\congratulatory\target\classes;C:\Users\Daria\.m2\repository\org\springframework\boot\spring-boot-starter\2.7.1\spring-boot-starter-2.7.1.jar;C:\Users\Daria\.m2\repository\org\springframework\boot\spring-boot\2.7.1\spring-boot-2.7.1.jar;C:\Users\Daria\.m2\repository\org\springframework\spring-context\5.3.21\spring-context-5.3.21.jar;C:\Users\Daria\.m2\repository\org\springframework\spring-expression\5.3.21\spring-expression-5.3.21.jar;C:\Users\Daria\.m2\repository\org\springframework\boot\spring-boot-autoconfigure\2.7.1\spring-boot-autoconfigure-2.7.1.jar;C:\Users\Daria\.m2\repository\org\springframework\boot\spring-boot-starter-logging\2.7.1\spring-boot-starter-logging-2.7.1.jar;C:\Users\Daria\.m2\repository\ch\qos\logback\logback-classic\1.2.11\logback-classic-1.2.11.jar;C:\Users\Daria\.m2\repository\ch\qos\logback\logback-core\1.2.11\logback-core-1.2.11.jar;C:\Users\Daria\.m2\repository\org\apache\logging\log4j\log4j-to-slf4j\2.17.2\log4j-to-slf4j-2.17.2.jar;C:\Users\Daria\.m2\repository\org\apache\logging\log4j\log4j-api\2.17.2\log4j-api-2.17.2.jar;C:\Users\Daria\.m2\repository\org\slf4j\jul-to-slf4j\1.7.36\jul-to-slf4j-1.7.36.jar;C:\Users\Daria\.m2\repository\jakarta\annotation\jakarta.annotation-api\1.3.5\jakarta.annotation-api-1.3.5.jar;C:\Users\Daria\.m2\repository\org\springframework\spring-core\5.3.21\spring-core-5.3.21.jar;C:\Users\Daria\.m2\repository\org\springframework\spring-jcl\5.3.21\spring-jcl-5.3.21.jar;C:\Users\Daria\.m2\repository\org\yaml\snakeyaml\1.30\snakeyaml-1.30.jar;C:\Users\Daria\.m2\repository\org\projectlombok\lombok\1.18.24\lombok-1.18.24.jar;C:\Users\Daria\.m2\repository\jakarta\xml\bind\jakarta.xml.bind-api\2.3.3\jakarta.xml.bind-api-2.3.3.jar;C:\Users\Daria\.m2\repository\jakarta\activation\jakarta.activation-api\1.2.2\jakarta.activation-api-1.2.2.jar;C:\Users\Daria\.m2\repository\net\bytebuddy\byte-buddy\1.12.11\byte-buddy-1.12.11.jar;C:\Users\Daria\.m2\repository\org\telegram\telegrambots\6
Launcher Type: SUN_STANDARD

[Global flags]
     intx CICompilerCount                          = 3                                         {product} {ergonomic}
     uint ConcGCThreads                            = 2                                         {product} {ergonomic}
     uint G1ConcRefinementThreads                  = 6                                         {product} {ergonomic}
   size_t G1HeapRegionSize                         = 1048576                                   {product} {ergonomic}
    uintx GCDrainStackTargetSize                   = 64                                        {product} {ergonomic}
   size_t InitialHeapSize                          = 125829120                                 {product} {ergonomic}
   size_t MarkStackSize                            = 4194304                                   {product} {ergonomic}
   size_t MaxHeapSize                              = 1988100096                                {product} {ergonomic}
   size_t MaxNewSize                               = 1192230912                                {product} {ergonomic}
   size_t MinHeapDeltaBytes                        = 1048576                                   {product} {ergonomic}
    uintx NonNMethodCodeHeapSize                   = 5830732                                {pd product} {ergonomic}
    uintx NonProfiledCodeHeapSize                  = 122913754                              {pd product} {ergonomic}
    uintx ProfiledCodeHeapSize                     = 122913754                              {pd product} {ergonomic}
    uintx ReservedCodeCacheSize                    = 251658240                              {pd product} {ergonomic}
     bool SegmentedCodeCache                       = true                                      {product} {ergonomic}
     bool UseCompressedClassPointers               = true                                 {lp64_product} {ergonomic}
     bool UseCompressedOops                        = true                                 {lp64_product} {ergonomic}
     bool UseG1GC                                  = true                                      {product} {ergonomic}
     bool UseLargePagesIndividualAllocation        = false                                  {pd product} {ergonomic}

Logging:
Log output configuration:
 #0: stdout all=warning uptime,level,tags
 #1: stderr all=off uptime,level,tags

Environment Variables:
JAVA_HOME=C:\Program Files\Java\jdk-11.0.17
PATH=C:\ProgramData\Oracle\Java\javapath;C:\Program Files\Common Files\Oracle\Java\javapath;C:\Program Files (x86)\Common Files\Intel\Shared Libraries\redist\intel64_win\compiler;C:\Windows\system32;C:\Windows;C:\Windows\System32\Wbem;C:\Windows\System32\WindowsPowerShell\v1.0\;C:\Windows\System32\OpenSSH\;C:\Program Files\Common Files\Autodesk Shared\;C:\Program Files\Microsoft SQL Server\120\Tools\Binn\;C:\Program Files\dotnet\;C:\java app\tool_MAVEN\apache-maven-3.8.6\bin;C:\Program Files\Git\cmd;C:\Program Files\Java\jdk-11.0.17\bin;C:\Program Files\MySQL\MySQL Shell 8.0\bin\;C:\java\maven\apache-maven-3.8.6
USERNAME=Daria
OS=Windows_NT
PROCESSOR_IDENTIFIER=AMD64 Family 23 Model 96 Stepping 1, AuthenticAMD



---------------  S Y S T E M  ---------------

OS: Windows 10 , 64 bit Build 19041 (10.0.19041.3636)

CPU:total 6 (initial active 6) (6 cores per cpu, 1 threads per core) family 23 model 96 stepping 1 microcode 0x0, cmov, cx8, fxsr, mmx, sse, sse2, sse3, ssse3, sse4.1, sse4.2, popcnt, avx, avx2, aes, clmul, mmxext, 3dnowpref, lzcnt, sse4a, tsc, tscinvbit, tscinv, bmi1, bmi2, adx, sha, 

Memory: 4k page, system-wide physical 7579M (1180M free)
TotalPageFile size 31131M (AvailPageFile size 4M)
current process WorkingSet (physical memory assigned to process): 226M, peak: 226M
current process commit charge ("private bytes"): 311M, peak: 312M

vm_info: Java HotSpot(TM) 64-Bit Server VM (11.0.17+10-LTS-269) for windows-amd64 JRE (11.0.17+10-LTS-269), built on Sep 13 2022 19:26:37 by "mach5one" with MS VC++ 15.9 (VS2017)

END.
