#
# There is insufficient memory for the Java Runtime Environment to continue.
# Native memory allocation (mmap) failed to map 25165824 bytes for Failed to commit area from 0x0000000091000000 to 0x0000000092800000 of length 25165824.
# Possible reasons:
#   The system is out of physical RAM or swap space
#   The process is running with CompressedOops enabled, and the Java Heap may be blocking the growth of the native heap
# Possible solutions:
#   Reduce memory load on the system
#   Increase physical memory or swap space
#   Check if swap backing store is full
#   Decrease Java heap size (-Xmx/-Xms)
#   Decrease number of Java threads
#   Decrease Java thread stack sizes (-Xss)
#   Set larger code cache with -XX:ReservedCodeCacheSize=
#   JVM is running with Unscaled Compressed Oops mode in which the Java heap is
#     placed in the first 4GB address space. The Java Heap base address is the
#     maximum limit for the native heap growth. Please use -XX:HeapBaseMinAddress
#     to set the Java Heap base and to place the Java Heap above 4GB virtual address.
# This output file may be truncated or incomplete.
#
#  Out of Memory Error (./open/src/hotspot/os/windows/os_windows.cpp:3283), pid=10520, tid=25012
#
# JRE version: Java(TM) SE Runtime Environment 18.9 (11.0.17+10) (build 11.0.17+10-LTS-269)
# Java VM: Java HotSpot(TM) 64-Bit Server VM 18.9 (11.0.17+10-LTS-269, mixed mode, tiered, compressed oops, g1 gc, windows-amd64)
# No core dump will be written. Minidumps are not enabled by default on client versions of Windows
#

---------------  S U M M A R Y ------------

Command Line: -agentlib:jdwp=transport=dt_socket,address=127.0.0.1:61571,suspend=y,server=n -javaagent:C:\Users\Daria\AppData\Local\JetBrains\IdeaIC2022.2\captureAgent\debugger-agent.jar -Dfile.encoding=UTF-8 ru.project.congratulatory.CongratulatoryApplication

Host: AMD Ryzen 5 4500U with Radeon Graphics         , 6 cores, 7G,  Windows 10 , 64 bit Build 19041 (10.0.19041.3636)
Time: Sun Mar 24 14:09:40 2024  Windows 10 , 64 bit Build 19041 (10.0.19041.3636) elapsed time: 3.221514 seconds (0d 0h 0m 3s)

---------------  T H R E A D  ---------------

Current thread (0x000002194c5e3800):  VMThread "VM Thread" [stack: 0x00000089a9300000,0x00000089a9400000] [id=25012]

Stack: [0x00000089a9300000,0x00000089a9400000]
[error occurred during error reporting (printing stack bounds), id 0xc0000005, EXCEPTION_ACCESS_VIOLATION (0xc0000005) at pc=0x0000021935e90f2d]

Native frames: (J=compiled Java code, j=interpreted, Vv=VM code, C=native code)
V  [jvm.dll+0x62b5da]
V  [jvm.dll+0x7653df]
V  [jvm.dll+0x766a89]
V  [jvm.dll+0x767075]
V  [jvm.dll+0x76702b]
V  [jvm.dll+0x62aac3]
V  [jvm.dll+0x62b1d8]
C  [ntdll.dll+0xa23af]
C  [ntdll.dll+0x514b4]
C  [ntdll.dll+0xa0ebe]
C  0x0000021935e90f2d

VM_Operation (0x00000089a8dfa4b0): G1CollectForAllocation, mode: safepoint, requested by thread 0x000002192cfeb800


---------------  P R O C E S S  ---------------

Threads class SMR info:
_java_thread_list=0x000002194fde97e0, length=15, elements={
0x000002192cfeb800, 0x000002194c606800, 0x000002194c610000, 0x000002194cfb3000,
0x000002194c626000, 0x000002194c629000, 0x000002194c62c800, 0x000002194c62f000,
0x000002194c63d800, 0x000002194d117000, 0x000002194d3ac000, 0x000002194d24a800,
0x000002194d2fb000, 0x000002194d686000, 0x000002194d113000
}

Java Threads: ( => current thread )
  0x000002192cfeb800 JavaThread "main" [_thread_blocked, id=14952, stack(0x00000089a8d00000,0x00000089a8e00000)]
  0x000002194c606800 JavaThread "Reference Handler" daemon [_thread_blocked, id=20860, stack(0x00000089a9400000,0x00000089a9500000)]
  0x000002194c610000 JavaThread "Finalizer" daemon [_thread_blocked, id=18112, stack(0x00000089a9500000,0x00000089a9600000)]
  0x000002194cfb3000 JavaThread "Signal Dispatcher" daemon [_thread_blocked, id=21468, stack(0x00000089a9600000,0x00000089a9700000)]
  0x000002194c626000 JavaThread "Attach Listener" daemon [_thread_blocked, id=5028, stack(0x00000089a9700000,0x00000089a9800000)]
  0x000002194c629000 JavaThread "Service Thread" daemon [_thread_blocked, id=13040, stack(0x00000089a9800000,0x00000089a9900000)]
  0x000002194c62c800 JavaThread "C2 CompilerThread0" daemon [_thread_in_native, id=13064, stack(0x00000089a9900000,0x00000089a9a00000)]
  0x000002194c62f000 JavaThread "C1 CompilerThread0" daemon [_thread_blocked, id=8096, stack(0x00000089a9a00000,0x00000089a9b00000)]
  0x000002194c63d800 JavaThread "Sweeper thread" daemon [_thread_blocked, id=17140, stack(0x00000089a9b00000,0x00000089a9c00000)]
  0x000002194d117000 JavaThread "Common-Cleaner" daemon [_thread_blocked, id=16000, stack(0x00000089a9c00000,0x00000089a9d00000)]
  0x000002194d3ac000 JavaThread "JDWP Transport Listener: dt_socket" daemon [_thread_blocked, id=8332, stack(0x00000089a9d00000,0x00000089a9e00000)]
  0x000002194d24a800 JavaThread "JDWP Event Helper Thread" daemon [_thread_blocked, id=22028, stack(0x00000089a9e00000,0x00000089a9f00000)]
  0x000002194d2fb000 JavaThread "JDWP Command Reader" daemon [_thread_in_native, id=23812, stack(0x00000089a9f00000,0x00000089aa000000)]
  0x000002194d686000 JavaThread "C2 CompilerThread1" daemon [_thread_blocked, id=26188, stack(0x00000089aa200000,0x00000089aa300000)]
  0x000002194d113000 JavaThread "mysql-cj-abandoned-connection-cleanup" daemon [_thread_blocked, id=9948, stack(0x00000089aa400000,0x00000089aa500000)]

Other Threads:
=>0x000002194c5e3800 VMThread "VM Thread" [stack: 0x00000089a9300000,0x00000089a9400000] [id=25012]
  0x000002194d1a2800 WatcherThread [stack: 0x00000089aa000000,0x00000089aa100000] [id=14928]
  0x000002192d001800 GCTaskThread "GC Thread#0" [stack: 0x00000089a8e00000,0x00000089a8f00000] [id=11592]
  0x000002194e07f800 GCTaskThread "GC Thread#1" [stack: 0x00000089aa100000,0x00000089aa200000] [id=9348]
  0x000002192d02f800 ConcurrentGCThread "G1 Main Marker" [stack: 0x00000089a8f00000,0x00000089a9000000] [id=21064]
  0x000002192d031000 ConcurrentGCThread "G1 Conc#0" [stack: 0x00000089a9000000,0x00000089a9100000] [id=23048]
  0x000002194e76f800 ConcurrentGCThread "G1 Conc#1" [stack: 0x00000089aa300000,0x00000089aa400000] [id=24832]
  0x000002192d0ba000 ConcurrentGCThread "G1 Refine#0" [stack: 0x00000089a9100000,0x00000089a9200000] [id=15728]
  0x000002192d0ba800 ConcurrentGCThread "G1 Young RemSet Sampling" [stack: 0x00000089a9200000,0x00000089a9300000] [id=5640]

Threads with active compile tasks:
C2 CompilerThread0     3236 3089       4       jdk.internal.org.objectweb.asm.Frame::execute (2264 bytes)
C2 CompilerThread1     3236 3033   !   4       jdk.internal.loader.BuiltinClassLoader::loadClassOrNull (143 bytes)

VM state:at safepoint (normal execution)

VM Mutex/Monitor currently owned by a thread:  ([mutex/lock_event])
[0x000002192cfe6950] Threads_lock - owner thread: 0x000002194c5e3800
[0x000002192cfe6e60] Heap_lock - owner thread: 0x000002192cfeb800

Heap address: 0x0000000089800000, size: 1896 MB, Compressed Oops mode: 32-bit
Narrow klass base: 0x0000000000000000, Narrow klass shift: 3
Compressed class space size: 1073741824 Address: 0x0000000100000000

Heap:
 garbage-first heap   total 147456K, used 13386K [0x0000000089800000, 0x0000000100000000)
  region size 1024K, 5 young (5120K), 5 survivors (5120K)
 Metaspace       used 33448K, capacity 34361K, committed 34608K, reserved 1079296K
  class space    used 4088K, capacity 4480K, committed 4480K, reserved 1048576K
Heap Regions: E=young(eden), S=young(survivor), O=old, HS=humongous(starts), HC=humongous(continues), CS=collection set, F=free, A=archive, TAMS=top-at-mark-start (previous, next)
|   0|0x0000000089800000, 0x0000000089900000, 0x0000000089900000|100%|HS|  |TAMS 0x0000000089900000, 0x0000000089800000| Complete 
|   1|0x0000000089900000, 0x0000000089a00000, 0x0000000089a00000|100%| O|  |TAMS 0x0000000089a00000, 0x0000000089900000| Untracked 
|   2|0x0000000089a00000, 0x0000000089b00000, 0x0000000089b00000|100%| O|  |TAMS 0x0000000089b00000, 0x0000000089a00000| Untracked 
|   3|0x0000000089b00000, 0x0000000089c00000, 0x0000000089c00000|100%| O|  |TAMS 0x0000000089c00000, 0x0000000089b00000| Untracked 
|   4|0x0000000089c00000, 0x0000000089d00000, 0x0000000089d00000|100%| O|  |TAMS 0x0000000089d00000, 0x0000000089c00000| Untracked 
|   5|0x0000000089d00000, 0x0000000089e00000, 0x0000000089e00000|100%| O|  |TAMS 0x0000000089e00000, 0x0000000089d00000| Untracked 
|   6|0x0000000089e00000, 0x0000000089f00000, 0x0000000089f00000|100%| O|  |TAMS 0x0000000089e85800, 0x0000000089e00000| Untracked 
|   7|0x0000000089f00000, 0x000000008a000000, 0x000000008a000000|100%| O|  |TAMS 0x0000000089f00000, 0x0000000089f00000| Untracked 
|   8|0x000000008a000000, 0x000000008a0ace00, 0x000000008a100000| 67%| O|  |TAMS 0x000000008a000000, 0x000000008a000000| Untracked 
|   9|0x000000008a100000, 0x000000008a100000, 0x000000008a200000|  0%| F|  |TAMS 0x000000008a100000, 0x000000008a100000| Untracked 
|  10|0x000000008a200000, 0x000000008a200000, 0x000000008a300000|  0%| F|  |TAMS 0x000000008a200000, 0x000000008a200000| Untracked 
|  11|0x000000008a300000, 0x000000008a300000, 0x000000008a400000|  0%| F|  |TAMS 0x000000008a300000, 0x000000008a300000| Untracked 
|  12|0x000000008a400000, 0x000000008a400000, 0x000000008a500000|  0%| F|  |TAMS 0x000000008a400000, 0x000000008a400000| Untracked 
|  13|0x000000008a500000, 0x000000008a500000, 0x000000008a600000|  0%| F|  |TAMS 0x000000008a500000, 0x000000008a500000| Untracked 
|  14|0x000000008a600000, 0x000000008a600000, 0x000000008a700000|  0%| F|  |TAMS 0x000000008a600000, 0x000000008a600000| Untracked 
|  15|0x000000008a700000, 0x000000008a700000, 0x000000008a800000|  0%| F|  |TAMS 0x000000008a700000, 0x000000008a700000| Untracked 
|  16|0x000000008a800000, 0x000000008a800000, 0x000000008a900000|  0%| F|  |TAMS 0x000000008a800000, 0x000000008a800000| Untracked 
|  17|0x000000008a900000, 0x000000008a900000, 0x000000008aa00000|  0%| F|  |TAMS 0x000000008a900000, 0x000000008a900000| Untracked 
|  18|0x000000008aa00000, 0x000000008aa00000, 0x000000008ab00000|  0%| F|  |TAMS 0x000000008aa00000, 0x000000008aa00000| Untracked 
|  19|0x000000008ab00000, 0x000000008ab00000, 0x000000008ac00000|  0%| F|  |TAMS 0x000000008ab00000, 0x000000008ab00000| Untracked 
|  20|0x000000008ac00000, 0x000000008ac00000, 0x000000008ad00000|  0%| F|  |TAMS 0x000000008ac00000, 0x000000008ac00000| Untracked 
|  21|0x000000008ad00000, 0x000000008ad00000, 0x000000008ae00000|  0%| F|  |TAMS 0x000000008ad00000, 0x000000008ad00000| Untracked 
|  22|0x000000008ae00000, 0x000000008ae00000, 0x000000008af00000|  0%| F|  |TAMS 0x000000008ae00000, 0x000000008ae00000| Untracked 
|  23|0x000000008af00000, 0x000000008af00000, 0x000000008b000000|  0%| F|  |TAMS 0x000000008af00000, 0x000000008af00000| Untracked 
|  24|0x000000008b000000, 0x000000008b000000, 0x000000008b100000|  0%| F|  |TAMS 0x000000008b000000, 0x000000008b000000| Untracked 
|  25|0x000000008b100000, 0x000000008b100000, 0x000000008b200000|  0%| F|  |TAMS 0x000000008b100000, 0x000000008b100000| Untracked 
|  26|0x000000008b200000, 0x000000008b200000, 0x000000008b300000|  0%| F|  |TAMS 0x000000008b200000, 0x000000008b200000| Untracked 
|  27|0x000000008b300000, 0x000000008b300000, 0x000000008b400000|  0%| F|  |TAMS 0x000000008b300000, 0x000000008b300000| Untracked 
|  28|0x000000008b400000, 0x000000008b400000, 0x000000008b500000|  0%| F|  |TAMS 0x000000008b400000, 0x000000008b400000| Untracked 
|  29|0x000000008b500000, 0x000000008b500000, 0x000000008b600000|  0%| F|  |TAMS 0x000000008b500000, 0x000000008b500000| Untracked 
|  30|0x000000008b600000, 0x000000008b600000, 0x000000008b700000|  0%| F|  |TAMS 0x000000008b600000, 0x000000008b600000| Untracked 
|  31|0x000000008b700000, 0x000000008b700000, 0x000000008b800000|  0%| F|  |TAMS 0x000000008b700000, 0x000000008b700000| Untracked 
|  32|0x000000008b800000, 0x000000008b800000, 0x000000008b900000|  0%| F|  |TAMS 0x000000008b800000, 0x000000008b800000| Untracked 
|  33|0x000000008b900000, 0x000000008b900000, 0x000000008ba00000|  0%| F|  |TAMS 0x000000008b900000, 0x000000008b900000| Untracked 
|  34|0x000000008ba00000, 0x000000008ba00000, 0x000000008bb00000|  0%| F|  |TAMS 0x000000008ba00000, 0x000000008ba00000| Untracked 
|  35|0x000000008bb00000, 0x000000008bb00000, 0x000000008bc00000|  0%| F|  |TAMS 0x000000008bb00000, 0x000000008bb00000| Untracked 
|  36|0x000000008bc00000, 0x000000008bc00000, 0x000000008bd00000|  0%| F|  |TAMS 0x000000008bc00000, 0x000000008bc00000| Untracked 
|  37|0x000000008bd00000, 0x000000008bd00000, 0x000000008be00000|  0%| F|  |TAMS 0x000000008bd00000, 0x000000008bd00000| Untracked 
|  38|0x000000008be00000, 0x000000008be00000, 0x000000008bf00000|  0%| F|  |TAMS 0x000000008be00000, 0x000000008be00000| Untracked 
|  39|0x000000008bf00000, 0x000000008bf00000, 0x000000008c000000|  0%| F|  |TAMS 0x000000008bf00000, 0x000000008bf00000| Untracked 
|  40|0x000000008c000000, 0x000000008c000000, 0x000000008c100000|  0%| F|  |TAMS 0x000000008c000000, 0x000000008c000000| Untracked 
|  41|0x000000008c100000, 0x000000008c100000, 0x000000008c200000|  0%| F|  |TAMS 0x000000008c100000, 0x000000008c100000| Untracked 
|  42|0x000000008c200000, 0x000000008c200000, 0x000000008c300000|  0%| F|  |TAMS 0x000000008c200000, 0x000000008c200000| Untracked 
|  43|0x000000008c300000, 0x000000008c300000, 0x000000008c400000|  0%| F|  |TAMS 0x000000008c300000, 0x000000008c300000| Untracked 
|  44|0x000000008c400000, 0x000000008c400000, 0x000000008c500000|  0%| F|  |TAMS 0x000000008c400000, 0x000000008c400000| Untracked 
|  45|0x000000008c500000, 0x000000008c500000, 0x000000008c600000|  0%| F|  |TAMS 0x000000008c500000, 0x000000008c500000| Untracked 
|  46|0x000000008c600000, 0x000000008c600000, 0x000000008c700000|  0%| F|  |TAMS 0x000000008c600000, 0x000000008c600000| Untracked 
|  47|0x000000008c700000, 0x000000008c700000, 0x000000008c800000|  0%| F|  |TAMS 0x000000008c700000, 0x000000008c700000| Untracked 
|  48|0x000000008c800000, 0x000000008c800000, 0x000000008c900000|  0%| F|  |TAMS 0x000000008c800000, 0x000000008c800000| Untracked 
|  49|0x000000008c900000, 0x000000008c900000, 0x000000008ca00000|  0%| F|  |TAMS 0x000000008c900000, 0x000000008c900000| Untracked 
|  50|0x000000008ca00000, 0x000000008ca00000, 0x000000008cb00000|  0%| F|  |TAMS 0x000000008ca00000, 0x000000008ca00000| Untracked 
|  51|0x000000008cb00000, 0x000000008cb00000, 0x000000008cc00000|  0%| F|  |TAMS 0x000000008cb00000, 0x000000008cb00000| Untracked 
|  52|0x000000008cc00000, 0x000000008cc00000, 0x000000008cd00000|  0%| F|  |TAMS 0x000000008cc00000, 0x000000008cc00000| Untracked 
|  53|0x000000008cd00000, 0x000000008cd00000, 0x000000008ce00000|  0%| F|  |TAMS 0x000000008cd00000, 0x000000008cd00000| Untracked 
|  54|0x000000008ce00000, 0x000000008ce00000, 0x000000008cf00000|  0%| F|  |TAMS 0x000000008ce00000, 0x000000008ce00000| Untracked 
|  55|0x000000008cf00000, 0x000000008cf00000, 0x000000008d000000|  0%| F|  |TAMS 0x000000008cf00000, 0x000000008cf00000| Untracked 
|  56|0x000000008d000000, 0x000000008d000000, 0x000000008d100000|  0%| F|  |TAMS 0x000000008d000000, 0x000000008d000000| Untracked 
|  57|0x000000008d100000, 0x000000008d100000, 0x000000008d200000|  0%| F|  |TAMS 0x000000008d100000, 0x000000008d100000| Untracked 
|  58|0x000000008d200000, 0x000000008d200000, 0x000000008d300000|  0%| F|  |TAMS 0x000000008d200000, 0x000000008d200000| Untracked 
|  59|0x000000008d300000, 0x000000008d365d30, 0x000000008d400000| 39%| S|CS|TAMS 0x000000008d300000, 0x000000008d300000| Complete 
|  60|0x000000008d400000, 0x000000008d500000, 0x000000008d500000|100%| S|CS|TAMS 0x000000008d400000, 0x000000008d400000| Complete 
|  61|0x000000008d500000, 0x000000008d600000, 0x000000008d600000|100%| S|CS|TAMS 0x000000008d500000, 0x000000008d500000| Complete 
|  62|0x000000008d600000, 0x000000008d700000, 0x000000008d700000|100%| S|CS|TAMS 0x000000008d600000, 0x000000008d600000| Complete 
|  63|0x000000008d700000, 0x000000008d800000, 0x000000008d800000|100%| S|CS|TAMS 0x000000008d700000, 0x000000008d700000| Complete 
|  64|0x000000008d800000, 0x000000008d800000, 0x000000008d900000|  0%| F|  |TAMS 0x000000008d800000, 0x000000008d800000| Untracked 
|  65|0x000000008d900000, 0x000000008d900000, 0x000000008da00000|  0%| F|  |TAMS 0x000000008d900000, 0x000000008d900000| Untracked 
|  66|0x000000008da00000, 0x000000008da00000, 0x000000008db00000|  0%| F|  |TAMS 0x000000008da00000, 0x000000008da00000| Untracked 
|  67|0x000000008db00000, 0x000000008db00000, 0x000000008dc00000|  0%| F|  |TAMS 0x000000008db00000, 0x000000008db00000| Untracked 
|  68|0x000000008dc00000, 0x000000008dc00000, 0x000000008dd00000|  0%| F|  |TAMS 0x000000008dc00000, 0x000000008dc00000| Untracked 
|  69|0x000000008dd00000, 0x000000008dd00000, 0x000000008de00000|  0%| F|  |TAMS 0x000000008dd00000, 0x000000008dd00000| Untracked 
|  70|0x000000008de00000, 0x000000008de00000, 0x000000008df00000|  0%| F|  |TAMS 0x000000008de00000, 0x000000008de00000| Untracked 
|  71|0x000000008df00000, 0x000000008df00000, 0x000000008e000000|  0%| F|  |TAMS 0x000000008df00000, 0x000000008df00000| Untracked 
|  72|0x000000008e000000, 0x000000008e000000, 0x000000008e100000|  0%| F|  |TAMS 0x000000008e000000, 0x000000008e000000| Untracked 
|  73|0x000000008e100000, 0x000000008e100000, 0x000000008e200000|  0%| F|  |TAMS 0x000000008e100000, 0x000000008e100000| Untracked 
|  74|0x000000008e200000, 0x000000008e200000, 0x000000008e300000|  0%| F|  |TAMS 0x000000008e200000, 0x000000008e200000| Untracked 
|  75|0x000000008e300000, 0x000000008e300000, 0x000000008e400000|  0%| F|  |TAMS 0x000000008e300000, 0x000000008e300000| Untracked 
|  76|0x000000008e400000, 0x000000008e400000, 0x000000008e500000|  0%| F|  |TAMS 0x000000008e400000, 0x000000008e400000| Untracked 
|  77|0x000000008e500000, 0x000000008e500000, 0x000000008e600000|  0%| F|  |TAMS 0x000000008e500000, 0x000000008e500000| Untracked 
|  78|0x000000008e600000, 0x000000008e600000, 0x000000008e700000|  0%| F|  |TAMS 0x000000008e600000, 0x000000008e600000| Untracked 
|  79|0x000000008e700000, 0x000000008e700000, 0x000000008e800000|  0%| F|  |TAMS 0x000000008e700000, 0x000000008e700000| Untracked 
|  80|0x000000008e800000, 0x000000008e800000, 0x000000008e900000|  0%| F|  |TAMS 0x000000008e800000, 0x000000008e800000| Untracked 
|  81|0x000000008e900000, 0x000000008e900000, 0x000000008ea00000|  0%| F|  |TAMS 0x000000008e900000, 0x000000008e900000| Untracked 
|  82|0x000000008ea00000, 0x000000008ea00000, 0x000000008eb00000|  0%| F|  |TAMS 0x000000008ea00000, 0x000000008ea00000| Untracked 
|  83|0x000000008eb00000, 0x000000008eb00000, 0x000000008ec00000|  0%| F|  |TAMS 0x000000008eb00000, 0x000000008eb00000| Untracked 
|  84|0x000000008ec00000, 0x000000008ec00000, 0x000000008ed00000|  0%| F|  |TAMS 0x000000008ec00000, 0x000000008ec00000| Untracked 
|  85|0x000000008ed00000, 0x000000008ed00000, 0x000000008ee00000|  0%| F|  |TAMS 0x000000008ed00000, 0x000000008ed00000| Untracked 
|  86|0x000000008ee00000, 0x000000008ee00000, 0x000000008ef00000|  0%| F|  |TAMS 0x000000008ee00000, 0x000000008ee00000| Untracked 
|  87|0x000000008ef00000, 0x000000008ef00000, 0x000000008f000000|  0%| F|  |TAMS 0x000000008ef00000, 0x000000008ef00000| Untracked 
|  88|0x000000008f000000, 0x000000008f000000, 0x000000008f100000|  0%| F|  |TAMS 0x000000008f000000, 0x000000008f000000| Untracked 
|  89|0x000000008f100000, 0x000000008f100000, 0x000000008f200000|  0%| F|  |TAMS 0x000000008f100000, 0x000000008f100000| Untracked 
|  90|0x000000008f200000, 0x000000008f200000, 0x000000008f300000|  0%| F|  |TAMS 0x000000008f200000, 0x000000008f200000| Untracked 
|  91|0x000000008f300000, 0x000000008f300000, 0x000000008f400000|  0%| F|  |TAMS 0x000000008f300000, 0x000000008f300000| Untracked 
|  92|0x000000008f400000, 0x000000008f400000, 0x000000008f500000|  0%| F|  |TAMS 0x000000008f400000, 0x000000008f400000| Untracked 
|  93|0x000000008f500000, 0x000000008f500000, 0x000000008f600000|  0%| F|  |TAMS 0x000000008f500000, 0x000000008f500000| Untracked 
|  94|0x000000008f600000, 0x000000008f600000, 0x000000008f700000|  0%| F|  |TAMS 0x000000008f600000, 0x000000008f600000| Untracked 
|  95|0x000000008f700000, 0x000000008f700000, 0x000000008f800000|  0%| F|  |TAMS 0x000000008f700000, 0x000000008f700000| Untracked 
|  96|0x000000008f800000, 0x000000008f800000, 0x000000008f900000|  0%| F|  |TAMS 0x000000008f800000, 0x000000008f800000| Untracked 
|  97|0x000000008f900000, 0x000000008f900000, 0x000000008fa00000|  0%| F|  |TAMS 0x000000008f900000, 0x000000008f900000| Untracked 
|  98|0x000000008fa00000, 0x000000008fa00000, 0x000000008fb00000|  0%| F|  |TAMS 0x000000008fa00000, 0x000000008fa00000| Untracked 
|  99|0x000000008fb00000, 0x000000008fb00000, 0x000000008fc00000|  0%| F|  |TAMS 0x000000008fb00000, 0x000000008fb00000| Untracked 
| 100|0x000000008fc00000, 0x000000008fc00000, 0x000000008fd00000|  0%| F|  |TAMS 0x000000008fc00000, 0x000000008fc00000| Untracked 
| 101|0x000000008fd00000, 0x000000008fd00000, 0x000000008fe00000|  0%| F|  |TAMS 0x000000008fd00000, 0x000000008fd00000| Untracked 
| 102|0x000000008fe00000, 0x000000008fe00000, 0x000000008ff00000|  0%| F|  |TAMS 0x000000008fe00000, 0x000000008fe00000| Untracked 
| 103|0x000000008ff00000, 0x000000008ff00000, 0x0000000090000000|  0%| F|  |TAMS 0x000000008ff00000, 0x000000008ff00000| Untracked 
| 104|0x0000000090000000, 0x0000000090000000, 0x0000000090100000|  0%| F|  |TAMS 0x0000000090000000, 0x0000000090000000| Untracked 
| 105|0x0000000090100000, 0x0000000090100000, 0x0000000090200000|  0%| F|  |TAMS 0x0000000090100000, 0x0000000090100000| Untracked 
| 106|0x0000000090200000, 0x0000000090200000, 0x0000000090300000|  0%| F|  |TAMS 0x0000000090200000, 0x0000000090200000| Untracked 
| 107|0x0000000090300000, 0x0000000090300000, 0x0000000090400000|  0%| F|  |TAMS 0x0000000090300000, 0x0000000090300000| Untracked 
| 108|0x0000000090400000, 0x0000000090400000, 0x0000000090500000|  0%| F|  |TAMS 0x0000000090400000, 0x0000000090400000| Untracked 
| 109|0x0000000090500000, 0x0000000090500000, 0x0000000090600000|  0%| F|  |TAMS 0x0000000090500000, 0x0000000090500000| Untracked 
| 110|0x0000000090600000, 0x0000000090600000, 0x0000000090700000|  0%| F|  |TAMS 0x0000000090600000, 0x0000000090600000| Untracked 
| 111|0x0000000090700000, 0x0000000090700000, 0x0000000090800000|  0%| F|  |TAMS 0x0000000090700000, 0x0000000090700000| Untracked 
| 112|0x0000000090800000, 0x0000000090800000, 0x0000000090900000|  0%| F|  |TAMS 0x0000000090800000, 0x0000000090800000| Untracked 
| 113|0x0000000090900000, 0x0000000090900000, 0x0000000090a00000|  0%| F|  |TAMS 0x0000000090900000, 0x0000000090900000| Untracked 
| 114|0x0000000090a00000, 0x0000000090a00000, 0x0000000090b00000|  0%| F|  |TAMS 0x0000000090a00000, 0x0000000090a00000| Untracked 
| 115|0x0000000090b00000, 0x0000000090b00000, 0x0000000090c00000|  0%| F|  |TAMS 0x0000000090b00000, 0x0000000090b00000| Untracked 
| 116|0x0000000090c00000, 0x0000000090c00000, 0x0000000090d00000|  0%| F|  |TAMS 0x0000000090c00000, 0x0000000090c00000| Untracked 
| 117|0x0000000090d00000, 0x0000000090d00000, 0x0000000090e00000|  0%| F|  |TAMS 0x0000000090d00000, 0x0000000090d00000| Untracked 
| 118|0x0000000090e00000, 0x0000000090e00000, 0x0000000090f00000|  0%| F|  |TAMS 0x0000000090e00000, 0x0000000090e00000| Untracked 
| 119|0x0000000090f00000, 0x0000000090f00000, 0x0000000091000000|  0%| F|  |TAMS 0x0000000090f00000, 0x0000000090f00000| Untracked 

Card table byte_map: [0x0000021945aa0000,0x0000021945e60000] _byte_map_base: 0x0000021945654000

Marking Bits (Prev, Next): (CMBitMap*) 0x000002192d027180, (CMBitMap*) 0x000002192d027148
 Prev Bits: [0x0000021947fc0000, 0x0000021949d60000)
 Next Bits: [0x0000021946220000, 0x0000021947fc0000)

Polling page: 0x000002192d0c0000

Metaspace:

Usage:
  Non-class:     29.18 MB capacity,    28.67 MB ( 98%) used,   413.98 KB (  1%) free+waste,   106.38 KB ( <1%) overhead. 
      Class:      4.38 MB capacity,     3.99 MB ( 91%) used,   339.93 KB (  8%) free+waste,    51.75 KB (  1%) overhead. 
       Both:     33.56 MB capacity,    32.67 MB ( 97%) used,   753.91 KB (  2%) free+waste,   158.13 KB ( <1%) overhead. 

Virtual space:
  Non-class space:       30.00 MB reserved,      29.42 MB ( 98%) committed 
      Class space:        1.00 GB reserved,       4.38 MB ( <1%) committed 
             Both:        1.03 GB reserved,      33.80 MB (  3%) committed 

Chunk freelists:
   Non-Class:  6.88 KB
       Class:  0 bytes
        Both:  6.88 KB

CodeHeap 'non-profiled nmethods': size=120064Kb used=1511Kb max_used=1511Kb free=118552Kb
 bounds [0x000002193d950000, 0x000002193dbc0000, 0x0000021944e90000]
CodeHeap 'profiled nmethods': size=120000Kb used=7090Kb max_used=7090Kb free=112909Kb
 bounds [0x0000021936420000, 0x0000021936b10000, 0x000002193d950000]
CodeHeap 'non-nmethods': size=5696Kb used=1225Kb max_used=1247Kb free=4470Kb
 bounds [0x0000021935e90000, 0x0000021936100000, 0x0000021936420000]
 total_blobs=3618 nmethods=3145 adapters=392
 compilation: enabled
              stopped_count=0, restarted_count=0
 full_count=0

Compilation events (10 events):
Event: 3.170 Thread 0x000002194c62f000 3152       3       jdk.internal.math.FDBigInteger::mult (64 bytes)
Event: 3.171 Thread 0x000002194c62f000 nmethod 3152 0x0000021936b0b290 code [0x0000021936b0b440, 0x0000021936b0b698]
Event: 3.171 Thread 0x000002194c62f000 3154       3       jdk.internal.math.FDBigInteger::trimLeadingZeros (57 bytes)
Event: 3.171 Thread 0x000002194c62f000 nmethod 3154 0x0000021936b0b890 code [0x0000021936b0ba40, 0x0000021936b0bd18]
Event: 3.171 Thread 0x000002194c62f000 3153       3       jdk.internal.math.FDBigInteger::<init> (30 bytes)
Event: 3.171 Thread 0x000002194c62f000 nmethod 3153 0x0000021936b0be10 code [0x0000021936b0bfc0, 0x0000021936b0c1c8]
Event: 3.171 Thread 0x000002194c62f000 3155       3       java.lang.CharacterDataLatin1::digit (32 bytes)
Event: 3.171 Thread 0x000002194c62f000 nmethod 3155 0x0000021936b0c310 code [0x0000021936b0c4c0, 0x0000021936b0c6f8]
Event: 3.171 Thread 0x000002194c62f000 3156       3       jdk.internal.math.FDBigInteger::size (10 bytes)
Event: 3.171 Thread 0x000002194c62f000 nmethod 3156 0x0000021936b0c810 code [0x0000021936b0c9a0, 0x0000021936b0ca98]

GC Heap History (9 events):
Event: 0.723 GC heap before
{Heap before GC invocations=0 (full 0):
 garbage-first heap   total 122880K, used 22528K [0x0000000089800000, 0x0000000100000000)
  region size 1024K, 22 young (22528K), 0 survivors (0K)
 Metaspace       used 11681K, capacity 11927K, committed 12032K, reserved 1060864K
  class space    used 1141K, capacity 1213K, committed 1280K, reserved 1048576K
}
Event: 0.729 GC heap after
{Heap after GC invocations=1 (full 0):
 garbage-first heap   total 122880K, used 6698K [0x0000000089800000, 0x0000000100000000)
  region size 1024K, 3 young (3072K), 3 survivors (3072K)
 Metaspace       used 11681K, capacity 11927K, committed 12032K, reserved 1060864K
  class space    used 1141K, capacity 1213K, committed 1280K, reserved 1048576K
}
Event: 1.576 GC heap before
{Heap before GC invocations=1 (full 0):
 garbage-first heap   total 122880K, used 55850K [0x0000000089800000, 0x0000000100000000)
  region size 1024K, 52 young (53248K), 3 survivors (3072K)
 Metaspace       used 20498K, capacity 21083K, committed 21120K, reserved 1069056K
  class space    used 2232K, capacity 2423K, committed 2432K, reserved 1048576K
}
Event: 1.585 GC heap after
{Heap after GC invocations=2 (full 0):
 garbage-first heap   total 122880K, used 9690K [0x0000000089800000, 0x0000000100000000)
  region size 1024K, 6 young (6144K), 6 survivors (6144K)
 Metaspace       used 20498K, capacity 21083K, committed 21120K, reserved 1069056K
  class space    used 2232K, capacity 2423K, committed 2432K, reserved 1048576K
}
Event: 1.611 GC heap before
{Heap before GC invocations=2 (full 0):
 garbage-first heap   total 122880K, used 10714K [0x0000000089800000, 0x0000000100000000)
  region size 1024K, 8 young (8192K), 6 survivors (6144K)
 Metaspace       used 20619K, capacity 21177K, committed 21296K, reserved 1069056K
  class space    used 2244K, capacity 2432K, committed 2432K, reserved 1048576K
}
Event: 1.619 GC heap after
{Heap after GC invocations=3 (full 0):
 garbage-first heap   total 122880K, used 9723K [0x0000000089800000, 0x0000000100000000)
  region size 1024K, 3 young (3072K), 3 survivors (3072K)
 Metaspace       used 20619K, capacity 21177K, committed 21296K, reserved 1069056K
  class space    used 2244K, capacity 2432K, committed 2432K, reserved 1048576K
}
Event: 2.367 GC heap before
{Heap before GC invocations=4 (full 0):
 garbage-first heap   total 122880K, used 56827K [0x0000000089800000, 0x0000000100000000)
  region size 1024K, 49 young (50176K), 3 survivors (3072K)
 Metaspace       used 25802K, capacity 26607K, committed 26800K, reserved 1073152K
  class space    used 2932K, capacity 3280K, committed 3328K, reserved 1048576K
}
Event: 2.375 GC heap after
{Heap after GC invocations=5 (full 0):
 garbage-first heap   total 122880K, used 11371K [0x0000000089800000, 0x0000000100000000)
  region size 1024K, 5 young (5120K), 5 survivors (5120K)
 Metaspace       used 25802K, capacity 26607K, committed 26800K, reserved 1073152K
  class space    used 2932K, capacity 3280K, committed 3328K, reserved 1048576K
}
Event: 3.205 GC heap before
{Heap before GC invocations=5 (full 0):
 garbage-first heap   total 122880K, used 63595K [0x0000000089800000, 0x0000000100000000)
  region size 1024K, 56 young (57344K), 5 survivors (5120K)
 Metaspace       used 33448K, capacity 34361K, committed 34608K, reserved 1079296K
  class space    used 4088K, capacity 4480K, committed 4480K, reserved 1048576K
}

Deoptimization events (10 events):
Event: 2.662 Thread 0x000002192cfeb800 Uncommon trap: reason=profile_predicate action=maybe_recompile pc=0x000002193dab6190 method=java.lang.PublicMethods$MethodList.filter([Ljava/lang/reflect/Method;Ljava/lang/String;[Ljava/lang/Class;Z)Ljava/lang/PublicMethods$MethodList; @ 21 c2
Event: 2.663 Thread 0x000002192cfeb800 Uncommon trap: reason=profile_predicate action=maybe_recompile pc=0x000002193dab6190 method=java.lang.PublicMethods$MethodList.filter([Ljava/lang/reflect/Method;Ljava/lang/String;[Ljava/lang/Class;Z)Ljava/lang/PublicMethods$MethodList; @ 21 c2
Event: 2.663 Thread 0x000002192cfeb800 Uncommon trap: reason=profile_predicate action=maybe_recompile pc=0x000002193dab6190 method=java.lang.PublicMethods$MethodList.filter([Ljava/lang/reflect/Method;Ljava/lang/String;[Ljava/lang/Class;Z)Ljava/lang/PublicMethods$MethodList; @ 21 c2
Event: 2.667 Thread 0x000002192cfeb800 Uncommon trap: reason=profile_predicate action=maybe_recompile pc=0x000002193dab6190 method=java.lang.PublicMethods$MethodList.filter([Ljava/lang/reflect/Method;Ljava/lang/String;[Ljava/lang/Class;Z)Ljava/lang/PublicMethods$MethodList; @ 21 c2
Event: 3.155 Thread 0x000002192cfeb800 Uncommon trap: reason=unstable_if action=reinterpret pc=0x000002193da03858 method=java.util.Properties$LineReader.readLine()I @ 25 c2
Event: 3.155 Thread 0x000002192cfeb800 Uncommon trap: reason=unstable_if action=reinterpret pc=0x000002193d9ffd58 method=java.util.Properties$LineReader.readLine()I @ 117 c2
Event: 3.156 Thread 0x000002192cfeb800 Uncommon trap: reason=unstable_if action=reinterpret pc=0x000002193da023a4 method=java.util.Properties.loadConvert([CIILjava/lang/StringBuilder;)Ljava/lang/String; @ 26 c2
Event: 3.156 Thread 0x000002192cfeb800 Uncommon trap: reason=unstable_if action=reinterpret pc=0x000002193da23a34 method=java.nio.Buffer.position(I)Ljava/nio/Buffer; @ 37 c2
Event: 3.157 Thread 0x000002192cfeb800 Uncommon trap: reason=unstable_if action=reinterpret pc=0x000002193d9d3e1c method=java.nio.Buffer.position(I)Ljava/nio/Buffer; @ 37 c2
Event: 3.158 Thread 0x000002192cfeb800 Uncommon trap: reason=unstable_if action=reinterpret pc=0x000002193d9fa5b4 method=java.util.Properties.loadConvert([CIILjava/lang/StringBuilder;)Ljava/lang/String; @ 26 c2

Classes redefined (0 events):
No events

Internal exceptions (10 events):
Event: 2.192 Thread 0x000002192cfeb800 Exception <a 'java/lang/ClassNotFoundException'{0x000000008eae54e8}: org/springframework/transaction/annotation/AbstractTransactionManagementConfigurationCustomizer> (0x000000008eae54e8) thrown at [./open/src/hotspot/share/classfile/systemDictionary.cpp, 
Event: 2.193 Thread 0x000002192cfeb800 Exception <a 'java/lang/ClassNotFoundException'{0x000000008eafd8a0}: org/springframework/transaction/annotation/ProxyTransactionManagementConfigurationCustomizer> (0x000000008eafd8a0) thrown at [./open/src/hotspot/share/classfile/systemDictionary.cpp, lin
Event: 2.193 Thread 0x000002192cfeb800 Exception <a 'java/lang/ClassNotFoundException'{0x000000008e9130b8}: org/springframework/context/annotation/ImportAwareCustomizer> (0x000000008e9130b8) thrown at [./open/src/hotspot/share/classfile/systemDictionary.cpp, line 226]
Event: 2.194 Thread 0x000002192cfeb800 Exception <a 'java/lang/ClassNotFoundException'{0x000000008e923880}: org/springframework/beans/factory/AwareCustomizer> (0x000000008e923880) thrown at [./open/src/hotspot/share/classfile/systemDictionary.cpp, line 226]
Event: 2.236 Thread 0x000002192cfeb800 Exception <a 'java/lang/NoSuchMethodError'{0x000000008e623138}: java.lang.invoke.DelegatingMethodHandle$Holder.delegate(Ljava/lang/Object;Ljava/lang/Object;ILjava/lang/Object;)V> (0x000000008e623138) thrown at [./open/src/hotspot/share/interpreter/linkRes
Event: 2.339 Thread 0x000002192cfeb800 Exception <a 'java/lang/NoSuchMethodError'{0x000000008e06b4b0}: java.lang.invoke.DirectMethodHandle$Holder.invokeSpecial(Ljava/lang/Object;Ljava/lang/Object;Ljava/lang/Object;Ljava/lang/Object;Ljava/lang/Object;)I> (0x000000008e06b4b0) thrown at [./open/s
Event: 2.777 Thread 0x000002192cfeb800 Exception <a 'java/lang/NoSuchMethodError'{0x000000008f0e4bc8}: java.lang.invoke.DirectMethodHandle$Holder.invokeStaticInit(Ljava/lang/Object;IIII)Ljava/lang/Object;> (0x000000008f0e4bc8) thrown at [./open/src/hotspot/share/interpreter/linkResolver.cpp, l
Event: 2.974 Thread 0x000002192cfeb800 Exception <a 'java/lang/NoSuchMethodError'{0x000000008ef33f20}: java.lang.invoke.DirectMethodHandle$Holder.invokeStaticInit(Ljava/lang/Object;Ljava/lang/Object;IIII)Ljava/lang/Object;> (0x000000008ef33f20) thrown at [./open/src/hotspot/share/interpreter/l
Event: 3.078 Thread 0x000002192cfeb800 Exception <a 'java/lang/NoSuchMethodError'{0x000000008e57af58}: java.lang.invoke.DirectMethodHandle$Holder.invokeSpecial(Ljava/lang/Object;Ljava/lang/Object;IILjava/lang/Object;Ljava/lang/Object;Ljava/lang/Object;)Ljava/lang/Object;> (0x000000008e57af58) 
Event: 3.078 Thread 0x000002192cfeb800 Exception <a 'java/lang/NoSuchMethodError'{0x000000008e57e4e0}: java.lang.invoke.DelegatingMethodHandle$Holder.reinvoke_L(Ljava/lang/Object;IILjava/lang/Object;Ljava/lang/Object;Ljava/lang/Object;)Ljava/lang/Object;> (0x000000008e57e4e0) thrown at [./open

Events (10 events):
Event: 3.203 loading class com/mysql/cj/conf/PropertyDefinitions$XdevapiSslMode done
Event: 3.204 loading class com/mysql/cj/conf/PropertyDefinitions$AuthMech
Event: 3.204 loading class com/mysql/cj/conf/PropertyDefinitions$AuthMech done
Event: 3.204 loading class com/mysql/cj/conf/PropertyDefinitions$Compression
Event: 3.204 loading class com/mysql/cj/conf/PropertyDefinitions$Compression done
Event: 3.205 loading class com/mysql/cj/conf/StringPropertyDefinition
Event: 3.205 loading class com/mysql/cj/conf/StringPropertyDefinition done
Event: 3.205 loading class com/mysql/cj/conf/AbstractPropertyDefinition
Event: 3.205 loading class com/mysql/cj/conf/AbstractPropertyDefinition done
Event: 3.205 Executing VM operation: G1CollectForAllocation


Dynamic libraries:
0x00007ff6a48d0000 - 0x00007ff6a48df000 	C:\Program Files\Java\jdk-11.0.17\bin\java.exe
0x00007ffabae50000 - 0x00007ffabb048000 	C:\Windows\SYSTEM32\ntdll.dll
0x00007ffab9680000 - 0x00007ffab973d000 	C:\Windows\System32\KERNEL32.DLL
0x00007ffab8510000 - 0x00007ffab8806000 	C:\Windows\System32\KERNELBASE.dll
0x00007ffab8d90000 - 0x00007ffab8e90000 	C:\Windows\System32\ucrtbase.dll
0x00007ffa9db80000 - 0x00007ffa9db95000 	C:\Program Files\Java\jdk-11.0.17\bin\VCRUNTIME140.dll
0x00007ffa9dba0000 - 0x00007ffa9dbb8000 	C:\Program Files\Java\jdk-11.0.17\bin\jli.dll
0x00007ffab9310000 - 0x00007ffab93c3000 	C:\Windows\System32\ADVAPI32.dll
0x00007ffab98f0000 - 0x00007ffab998e000 	C:\Windows\System32\msvcrt.dll
0x00007ffab8e90000 - 0x00007ffab8f2f000 	C:\Windows\System32\sechost.dll
0x00007ffab8f90000 - 0x00007ffab90b6000 	C:\Windows\System32\RPCRT4.dll
0x00007ffab8d60000 - 0x00007ffab8d87000 	C:\Windows\System32\bcrypt.dll
0x00007ffab9100000 - 0x00007ffab929e000 	C:\Windows\System32\USER32.dll
0x00007ffab8d30000 - 0x00007ffab8d52000 	C:\Windows\System32\win32u.dll
0x00007ffab90c0000 - 0x00007ffab90eb000 	C:\Windows\System32\GDI32.dll
0x00007ffa9e170000 - 0x00007ffa9e40a000 	C:\Windows\WinSxS\amd64_microsoft.windows.common-controls_6595b64144ccf1df_6.0.19041.3636_none_60b6a03d71f818d5\COMCTL32.dll
0x00007ffab88b0000 - 0x00007ffab89c7000 	C:\Windows\System32\gdi32full.dll
0x00007ffab8810000 - 0x00007ffab88ad000 	C:\Windows\System32\msvcp_win.dll
0x00007ffaaf980000 - 0x00007ffaaf98a000 	C:\Windows\SYSTEM32\VERSION.dll
0x00007ffab9f70000 - 0x00007ffab9fa2000 	C:\Windows\System32\IMM32.DLL
0x00007ffa9da90000 - 0x00007ffa9db2b000 	C:\Program Files\Java\jdk-11.0.17\bin\msvcp140.dll
0x00007ffa9ce20000 - 0x00007ffa9d93a000 	C:\Program Files\Java\jdk-11.0.17\bin\server\jvm.dll
0x00007ffab9300000 - 0x00007ffab9308000 	C:\Windows\System32\PSAPI.DLL
0x00007ffa9ce10000 - 0x00007ffa9ce19000 	C:\Windows\SYSTEM32\WSOCK32.dll
0x00007ffaaf950000 - 0x00007ffaaf977000 	C:\Windows\SYSTEM32\WINMM.dll
0x00007ffab9750000 - 0x00007ffab97bb000 	C:\Windows\System32\WS2_32.dll
0x00007ffab63c0000 - 0x00007ffab63d2000 	C:\Windows\SYSTEM32\kernel.appcore.dll
0x00007ffa9c700000 - 0x00007ffa9c710000 	C:\Program Files\Java\jdk-11.0.17\bin\verify.dll
0x00007ffaa76c0000 - 0x00007ffaa78a4000 	C:\Windows\SYSTEM32\DBGHELP.DLL
0x00007ffaa7600000 - 0x00007ffaa7634000 	C:\Windows\SYSTEM32\dbgcore.DLL
0x00007ffab8bf0000 - 0x00007ffab8c72000 	C:\Windows\System32\bcryptPrimitives.dll
0x00007ffa9c6d0000 - 0x00007ffa9c6f8000 	C:\Program Files\Java\jdk-11.0.17\bin\java.dll
0x00007ffa9c6c0000 - 0x00007ffa9c6ca000 	C:\Program Files\Java\jdk-11.0.17\bin\jimage.dll
0x00007ffab4530000 - 0x00007ffab4568000 	C:\Program Files\Java\jdk-11.0.17\bin\jdwp.dll
0x00007ffab3cc0000 - 0x00007ffab3cce000 	C:\Program Files\Java\jdk-11.0.17\bin\instrument.dll
0x00007ffaaeb90000 - 0x00007ffaaeba6000 	C:\Program Files\Java\jdk-11.0.17\bin\zip.dll
0x00007ffaba6c0000 - 0x00007ffabae05000 	C:\Windows\System32\SHELL32.dll
0x00007ffab65c0000 - 0x00007ffab6d5c000 	C:\Windows\SYSTEM32\windows.storage.dll
0x00007ffab9c10000 - 0x00007ffab9f64000 	C:\Windows\System32\combase.dll
0x00007ffab7ed0000 - 0x00007ffab7efe000 	C:\Windows\SYSTEM32\Wldp.dll
0x00007ffab9b40000 - 0x00007ffab9c0d000 	C:\Windows\System32\OLEAUT32.dll
0x00007ffaba610000 - 0x00007ffaba6bd000 	C:\Windows\System32\SHCORE.dll
0x00007ffab8f30000 - 0x00007ffab8f85000 	C:\Windows\System32\shlwapi.dll
0x00007ffab8440000 - 0x00007ffab8465000 	C:\Windows\SYSTEM32\profapi.dll
0x00007ffab2a70000 - 0x00007ffab2a7a000 	C:\Program Files\Java\jdk-11.0.17\bin\dt_socket.dll
0x00007ffab7bd0000 - 0x00007ffab7c3a000 	C:\Windows\system32\mswsock.dll
0x00007ffa99010000 - 0x00007ffa99029000 	C:\Program Files\Java\jdk-11.0.17\bin\net.dll
0x00007ffaafab0000 - 0x00007ffaafbba000 	C:\Windows\SYSTEM32\WINHTTP.dll
0x00007ffa98ff0000 - 0x00007ffa99002000 	C:\Program Files\Java\jdk-11.0.17\bin\nio.dll
0x00007ffa8b760000 - 0x00007ffa8b769000 	C:\Program Files\Java\jdk-11.0.17\bin\management.dll
0x00007ffa8b750000 - 0x00007ffa8b75b000 	C:\Program Files\Java\jdk-11.0.17\bin\management_ext.dll
0x00007ffa9b0f0000 - 0x00007ffa9b107000 	C:\Windows\system32\napinsp.dll
0x00007ffa9b0d0000 - 0x00007ffa9b0eb000 	C:\Windows\system32\pnrpnsp.dll
0x00007ffab2ec0000 - 0x00007ffab2ed5000 	C:\Windows\system32\wshbth.dll
0x00007ffab3d60000 - 0x00007ffab3d7d000 	C:\Windows\system32\NLAapi.dll
0x00007ffab78c0000 - 0x00007ffab78fb000 	C:\Windows\SYSTEM32\IPHLPAPI.DLL
0x00007ffab7900000 - 0x00007ffab79cb000 	C:\Windows\SYSTEM32\DNSAPI.dll
0x00007ffab90f0000 - 0x00007ffab90f8000 	C:\Windows\System32\NSI.dll
0x00007ffa9b0b0000 - 0x00007ffa9b0c2000 	C:\Windows\System32\winrnr.dll
0x00007ffab0ef0000 - 0x00007ffab0efa000 	C:\Windows\System32\rasadhlp.dll
0x00007ffaaed80000 - 0x00007ffaaee00000 	C:\Windows\System32\fwpuclnt.dll
0x00007ffab7dc0000 - 0x00007ffab7dd8000 	C:\Windows\SYSTEM32\CRYPTSP.dll
0x00007ffab7500000 - 0x00007ffab7534000 	C:\Windows\system32\rsaenh.dll
0x00007ffab83c0000 - 0x00007ffab83ee000 	C:\Windows\SYSTEM32\USERENV.dll
0x00007ffab7de0000 - 0x00007ffab7dec000 	C:\Windows\SYSTEM32\CRYPTBASE.dll
0x00007ffab1050000 - 0x00007ffab1067000 	C:\Windows\SYSTEM32\dhcpcsvc6.DLL
0x00007ffab1780000 - 0x00007ffab179d000 	C:\Windows\SYSTEM32\dhcpcsvc.DLL

dbghelp: loaded successfully - version: 4.0.5 - missing functions: none
symbol engine: initialized successfully - sym options: 0x614 - pdb path: .;C:\Program Files\Java\jdk-11.0.17\bin;C:\Windows\SYSTEM32;C:\Windows\WinSxS\amd64_microsoft.windows.common-controls_6595b64144ccf1df_6.0.19041.3636_none_60b6a03d71f818d5;C:\Program Files\Java\jdk-11.0.17\bin\server

VM Arguments:
jvm_args: -agentlib:jdwp=transport=dt_socket,address=127.0.0.1:61571,suspend=y,server=n -javaagent:C:\Users\Daria\AppData\Local\JetBrains\IdeaIC2022.2\captureAgent\debugger-agent.jar -Dfile.encoding=UTF-8 
java_command: ru.project.congratulatory.CongratulatoryApplication
java_class_path (initial): C:\java app\congratulatory\target\classes;C:\Users\Daria\.m2\repository\org\springframework\boot\spring-boot-starter\2.7.1\spring-boot-starter-2.7.1.jar;C:\Users\Daria\.m2\repository\org\springframework\boot\spring-boot\2.7.1\spring-boot-2.7.1.jar;C:\Users\Daria\.m2\repository\org\springframework\spring-context\5.3.21\spring-context-5.3.21.jar;C:\Users\Daria\.m2\repository\org\springframework\spring-expression\5.3.21\spring-expression-5.3.21.jar;C:\Users\Daria\.m2\repository\org\springframework\boot\spring-boot-autoconfigure\2.7.1\spring-boot-autoconfigure-2.7.1.jar;C:\Users\Daria\.m2\repository\org\springframework\boot\spring-boot-starter-logging\2.7.1\spring-boot-starter-logging-2.7.1.jar;C:\Users\Daria\.m2\repository\ch\qos\logback\logback-classic\1.2.11\logback-classic-1.2.11.jar;C:\Users\Daria\.m2\repository\ch\qos\logback\logback-core\1.2.11\logback-core-1.2.11.jar;C:\Users\Daria\.m2\repository\org\apache\logging\log4j\log4j-to-slf4j\2.17.2\log4j-to-slf4j-2.17.2.jar;C:\Users\Daria\.m2\repository\org\apache\logging\log4j\log4j-api\2.17.2\log4j-api-2.17.2.jar;C:\Users\Daria\.m2\repository\org\slf4j\jul-to-slf4j\1.7.36\jul-to-slf4j-1.7.36.jar;C:\Users\Daria\.m2\repository\jakarta\annotation\jakarta.annotation-api\1.3.5\jakarta.annotation-api-1.3.5.jar;C:\Users\Daria\.m2\repository\org\springframework\spring-core\5.3.21\spring-core-5.3.21.jar;C:\Users\Daria\.m2\repository\org\springframework\spring-jcl\5.3.21\spring-jcl-5.3.21.jar;C:\Users\Daria\.m2\repository\org\yaml\snakeyaml\1.30\snakeyaml-1.30.jar;C:\Users\Daria\.m2\repository\org\projectlombok\lombok\1.18.24\lombok-1.18.24.jar;C:\Users\Daria\.m2\repository\jakarta\xml\bind\jakarta.xml.bind-api\2.3.3\jakarta.xml.bind-api-2.3.3.jar;C:\Users\Daria\.m2\repository\jakarta\activation\jakarta.activation-api\1.2.2\jakarta.activation-api-1.2.2.jar;C:\Users\Daria\.m2\repository\net\bytebuddy\byte-buddy\1.12.11\byte-buddy-1.12.11.jar;C:\Users\Daria\.m2\repository\org\telegram\telegrambots\6
Launcher Type: SUN_STANDARD

[Global flags]
     intx CICompilerCount                          = 3                                         {product} {ergonomic}
     uint ConcGCThreads                            = 2                                         {product} {ergonomic}
     uint G1ConcRefinementThreads                  = 6                                         {product} {ergonomic}
   size_t G1HeapRegionSize                         = 1048576                                   {product} {ergonomic}
    uintx GCDrainStackTargetSize                   = 64                                        {product} {ergonomic}
   size_t InitialHeapSize                          = 125829120                                 {product} {ergonomic}
   size_t MarkStackSize                            = 4194304                                   {product} {ergonomic}
   size_t MaxHeapSize                              = 1988100096                                {product} {ergonomic}
   size_t MaxNewSize                               = 1192230912                                {product} {ergonomic}
   size_t MinHeapDeltaBytes                        = 1048576                                   {product} {ergonomic}
    uintx NonNMethodCodeHeapSize                   = 5830732                                {pd product} {ergonomic}
    uintx NonProfiledCodeHeapSize                  = 122913754                              {pd product} {ergonomic}
    uintx ProfiledCodeHeapSize                     = 122913754                              {pd product} {ergonomic}
    uintx ReservedCodeCacheSize                    = 251658240                              {pd product} {ergonomic}
     bool SegmentedCodeCache                       = true                                      {product} {ergonomic}
     bool UseCompressedClassPointers               = true                                 {lp64_product} {ergonomic}
     bool UseCompressedOops                        = true                                 {lp64_product} {ergonomic}
     bool UseG1GC                                  = true                                      {product} {ergonomic}
     bool UseLargePagesIndividualAllocation        = false                                  {pd product} {ergonomic}

Logging:
Log output configuration:
 #0: stdout all=warning uptime,level,tags
 #1: stderr all=off uptime,level,tags

Environment Variables:
JAVA_HOME=C:\Program Files\Java\jdk-11.0.17
PATH=C:\ProgramData\Oracle\Java\javapath;C:\Program Files\Common Files\Oracle\Java\javapath;C:\Program Files (x86)\Common Files\Intel\Shared Libraries\redist\intel64_win\compiler;C:\Windows\system32;C:\Windows;C:\Windows\System32\Wbem;C:\Windows\System32\WindowsPowerShell\v1.0\;C:\Windows\System32\OpenSSH\;C:\Program Files\Common Files\Autodesk Shared\;C:\Program Files\Microsoft SQL Server\120\Tools\Binn\;C:\Program Files\dotnet\;C:\java app\tool_MAVEN\apache-maven-3.8.6\bin;C:\Program Files\Git\cmd;C:\Program Files\Java\jdk-11.0.17\bin;C:\Program Files\MySQL\MySQL Shell 8.0\bin\;C:\java\maven\apache-maven-3.8.6
USERNAME=Daria
OS=Windows_NT
PROCESSOR_IDENTIFIER=AMD64 Family 23 Model 96 Stepping 1, AuthenticAMD



---------------  S Y S T E M  ---------------

OS: Windows 10 , 64 bit Build 19041 (10.0.19041.3636)

CPU:total 6 (initial active 6) (6 cores per cpu, 1 threads per core) family 23 model 96 stepping 1 microcode 0x0, cmov, cx8, fxsr, mmx, sse, sse2, sse3, ssse3, sse4.1, sse4.2, popcnt, avx, avx2, aes, clmul, mmxext, 3dnowpref, lzcnt, sse4a, tsc, tscinvbit, tscinv, bmi1, bmi2, adx, sha, 

Memory: 4k page, system-wide physical 7579M (1211M free)
TotalPageFile size 31131M (AvailPageFile size 17M)
current process WorkingSet (physical memory assigned to process): 219M, peak: 228M
current process commit charge ("private bytes"): 307M, peak: 340M

vm_info: Java HotSpot(TM) 64-Bit Server VM (11.0.17+10-LTS-269) for windows-amd64 JRE (11.0.17+10-LTS-269), built on Sep 13 2022 19:26:37 by "mach5one" with MS VC++ 15.9 (VS2017)

END.
